Using pre-set license
Built from '2020.3/staging' branch; Version is '2020.3.0f1 (c7b5465681fb) revision 13088070'; Using compiler version '192528614'; Build Type 'Release'
OS: 'Windows 10 Pro; OS build 19041.928; Version 2004; 64bit' Language: 'tr' Physical Memory: 16296 MB
BatchMode: 1, IsHumanControllingUs: 0, StartBugReporterOnCrash: 0, Is64bit: 1, IsPro: 0

 COMMAND LINE ARGUMENTS:
C:\Program Files\Unity\Hub\Editor\2020.3.0f1\Editor\Unity.exe
-adb2
-batchMode
-noUpm
-name
AssetImportWorker0
-projectPath
C:/Users/Alperen/Google Drive/Software/uav-simulation/UAV-Simulation
-logFile
Logs/AssetImportWorker0.log
-srvPort
52342
Successfully changed project path to: C:/Users/Alperen/Google Drive/Software/uav-simulation/UAV-Simulation
C:/Users/Alperen/Google Drive/Software/uav-simulation/UAV-Simulation
Using Asset Import Pipeline V2.
Refreshing native plugins compatible for Editor in 33.38 ms, found 0 plugins.
Preloading 0 native plugins for Editor in 0.00 ms.
Initialize engine version: 2020.3.0f1 (c7b5465681fb)
[Subsystems] Discovering subsystems at path C:/Program Files/Unity/Hub/Editor/2020.3.0f1/Editor/Data/Resources/UnitySubsystems
[Subsystems] Discovering subsystems at path C:/Users/Alperen/Google Drive/Software/uav-simulation/UAV-Simulation/Assets
GfxDevice: creating device client; threaded=0
Direct3D:
    Version:  Direct3D 11.0 [level 11.1]
    Renderer: NVIDIA GeForce GTX 1660 Ti (ID=0x2182)
    Vendor:   
    VRAM:     5991 MB
    Driver:   27.21.14.6627
Initialize mono
Mono path[0] = 'C:/Program Files/Unity/Hub/Editor/2020.3.0f1/Editor/Data/Managed'
Mono path[1] = 'C:/Program Files/Unity/Hub/Editor/2020.3.0f1/Editor/Data/MonoBleedingEdge/lib/mono/unityjit'
Mono config path = 'C:/Program Files/Unity/Hub/Editor/2020.3.0f1/Editor/Data/MonoBleedingEdge/etc'
Using monoOptions --debugger-agent=transport=dt_socket,embedding=1,server=y,suspend=n,address=127.0.0.1:56208
Begin MonoManager ReloadAssembly
Registering precompiled unity dll's ...
Register platform support module: C:/Program Files/Unity/Hub/Editor/2020.3.0f1/Editor/Data/PlaybackEngines/WindowsStandaloneSupport/UnityEditor.WindowsStandalone.Extensions.dll
Registered in 0.001544 seconds.
Native extension for WindowsStandalone target not found
Refreshing native plugins compatible for Editor in 29.61 ms, found 0 plugins.
Preloading 0 native plugins for Editor in 0.00 ms.
Invoked RoslynAnalysisRunner static constructor.
RoslynAnalysisRunner will not be running.
RoslynAnalysisRunner has terminated.
Mono: successfully reloaded assembly
- Completed reload, in  0.793 seconds
Platform modules already initialized, skipping
Registering precompiled user dll's ...
Registered in 0.001593 seconds.
Begin MonoManager ReloadAssembly
Native extension for WindowsStandalone target not found
Refreshing native plugins compatible for Editor in 0.39 ms, found 0 plugins.
Preloading 0 native plugins for Editor in 0.00 ms.
Invoked RoslynAnalysisRunner static constructor.
RoslynAnalysisRunner will not be running.
RoslynAnalysisRunner has terminated.
Mono: successfully reloaded assembly
- Completed reload, in  0.686 seconds
Platform modules already initialized, skipping
========================================================================
Worker process is ready to serve import requests
Launched and connected shader compiler UnityShaderCompiler.exe after 0.04 seconds
Refreshing native plugins compatible for Editor in 0.41 ms, found 0 plugins.
Preloading 0 native plugins for Editor in 0.00 ms.
Unloading 1413 Unused Serialized files (Serialized files now loaded: 0)
System memory in use before: 64.9 MB.
System memory in use after: 64.9 MB.

Unloading 34 unused Assets to reduce memory usage. Loaded Objects now: 1842.
Total: 1.590400 ms (FindLiveObjects: 0.182200 ms CreateObjectMapping: 0.033300 ms MarkObjects: 1.311900 ms  DeleteObjects: 0.062200 ms)

========================================================================
Received Import Request.
  path: Assets/Ground1.jpg
  artifactKey: Guid(e093050210f437447896ced2040b6b3b) Importer(815301076,1909f56bfc062723c751e8b465ee728b)
Start importing Assets/Ground1.jpg using Guid(e093050210f437447896ced2040b6b3b) Importer(815301076,1909f56bfc062723c751e8b465ee728b)  -> (artifact id: '9ba9a2d8cea312e0d9323b6c8d463eb9') in 0.077395 seconds
  Import took 0.079610 seconds .

========================================================================
Received Import Request.
  Time since last request: 0.000224 seconds.
  path: Assets/Ground2.jpg
  artifactKey: Guid(ede4d3d28c8ec874ba36c140dda6b6af) Importer(815301076,1909f56bfc062723c751e8b465ee728b)
Start importing Assets/Ground2.jpg using Guid(ede4d3d28c8ec874ba36c140dda6b6af) Importer(815301076,1909f56bfc062723c751e8b465ee728b)  -> (artifact id: '85ddddb737f0874bd4ae6b733a789977') in 0.010358 seconds
  Import took 0.012729 seconds .

========================================================================
Received Import Request.
  Time since last request: 19.523175 seconds.
  path: Assets/Ground1.jpg
  artifactKey: Guid(e093050210f437447896ced2040b6b3b) Importer(815301076,1909f56bfc062723c751e8b465ee728b)
Start importing Assets/Ground1.jpg using Guid(e093050210f437447896ced2040b6b3b) Importer(815301076,1909f56bfc062723c751e8b465ee728b)  -> (artifact id: 'f894401523dd6d65683c54483bdf2e84') in 0.073877 seconds
  Import took 0.076299 seconds .

========================================================================
Received Import Request.
  Time since last request: 18.933758 seconds.
  path: Assets/Ground2.jpg
  artifactKey: Guid(ede4d3d28c8ec874ba36c140dda6b6af) Importer(815301076,1909f56bfc062723c751e8b465ee728b)
Start importing Assets/Ground2.jpg using Guid(ede4d3d28c8ec874ba36c140dda6b6af) Importer(815301076,1909f56bfc062723c751e8b465ee728b)  -> (artifact id: '270db8b5261b5333533321ba555b6eab') in 0.034322 seconds
  Import took 0.036779 seconds .

========================================================================
Received Prepare
Registering precompiled user dll's ...
Registered in 0.001459 seconds.
Begin MonoManager ReloadAssembly
Native extension for WindowsStandalone target not found
Refreshing native plugins compatible for Editor in 0.41 ms, found 0 plugins.
Preloading 0 native plugins for Editor in 0.00 ms.
Invoked RoslynAnalysisRunner static constructor.
RoslynAnalysisRunner will not be running.
RoslynAnalysisRunner has terminated.
Mono: successfully reloaded assembly
- Completed reload, in  0.651 seconds
Platform modules already initialized, skipping
Refreshing native plugins compatible for Editor in 0.39 ms, found 0 plugins.
Preloading 0 native plugins for Editor in 0.00 ms.
Unloading 1408 Unused Serialized files (Serialized files now loaded: 0)
System memory in use before: 67.9 MB.
System memory in use after: 68.0 MB.

Unloading 25 unused Assets to reduce memory usage. Loaded Objects now: 1852.
Total: 1.586900 ms (FindLiveObjects: 0.238300 ms CreateObjectMapping: 0.043300 ms MarkObjects: 1.263400 ms  DeleteObjects: 0.041200 ms)

========================================================================
Received Import Request.
  Time since last request: 4419.175607 seconds.
  path: Assets/Ground1-01.jpeg
  artifactKey: Guid(0560aa0f7f96a23489411d634632f4c9) Importer(815301076,1909f56bfc062723c751e8b465ee728b)
Start importing Assets/Ground1-01.jpeg using Guid(0560aa0f7f96a23489411d634632f4c9) Importer(815301076,1909f56bfc062723c751e8b465ee728b)  -> (artifact id: '1b2ed203146aae0717351dda87719bf2') in 0.042501 seconds
  Import took 0.045112 seconds .

========================================================================
Received Import Request.
  Time since last request: 0.000230 seconds.
  path: Assets/Ground2-01.jpeg
  artifactKey: Guid(573de1ffd135c73478c1d46014468173) Importer(815301076,1909f56bfc062723c751e8b465ee728b)
Start importing Assets/Ground2-01.jpeg using Guid(573de1ffd135c73478c1d46014468173) Importer(815301076,1909f56bfc062723c751e8b465ee728b)  -> (artifact id: 'c3e2e64cfbf396f4e25ebe336260f594') in 0.016227 seconds
  Import took 0.018190 seconds .

========================================================================
Received Import Request.
  Time since last request: 0.001265 seconds.
  path: Assets/Ground2-01.jpeg
  artifactKey: Guid(573de1ffd135c73478c1d46014468173) Importer(815301076,1909f56bfc062723c751e8b465ee728b)
Start importing Assets/Ground2-01.jpeg using Guid(573de1ffd135c73478c1d46014468173) Importer(815301076,1909f56bfc062723c751e8b465ee728b)  -> (artifact id: 'c3e2e64cfbf396f4e25ebe336260f594') in 0.010984 seconds
  Import took 0.013093 seconds .

========================================================================
Received Import Request.
  Time since last request: 18.101922 seconds.
  path: Assets/Ground1,.jpeg
  artifactKey: Guid(0560aa0f7f96a23489411d634632f4c9) Importer(815301076,1909f56bfc062723c751e8b465ee728b)
Start importing Assets/Ground1,.jpeg using Guid(0560aa0f7f96a23489411d634632f4c9) Importer(815301076,1909f56bfc062723c751e8b465ee728b)  -> (artifact id: 'dfbb43aa84220f2ecea78aa881659bd2') in 0.012049 seconds
  Import took 0.014416 seconds .

========================================================================
Received Import Request.
  Time since last request: 1.993349 seconds.
  path: Assets/Ground1.jpeg
  artifactKey: Guid(0560aa0f7f96a23489411d634632f4c9) Importer(815301076,1909f56bfc062723c751e8b465ee728b)
Start importing Assets/Ground1.jpeg using Guid(0560aa0f7f96a23489411d634632f4c9) Importer(815301076,1909f56bfc062723c751e8b465ee728b)  -> (artifact id: 'd9de4b8afa5b373272b019681cb0159a') in 0.011700 seconds
  Import took 0.014011 seconds .

========================================================================
Received Import Request.
  Time since last request: 4.838508 seconds.
  path: Assets/Ground2.jpeg
  artifactKey: Guid(573de1ffd135c73478c1d46014468173) Importer(815301076,1909f56bfc062723c751e8b465ee728b)
Start importing Assets/Ground2.jpeg using Guid(573de1ffd135c73478c1d46014468173) Importer(815301076,1909f56bfc062723c751e8b465ee728b)  -> (artifact id: '482e98ac00f201f488ab583f973a8020') in 0.013341 seconds
  Import took 0.015662 seconds .

========================================================================
Received Import Request.
  Time since last request: 9.330425 seconds.
  path: Assets/Ground2.jpeg
  artifactKey: Guid(573de1ffd135c73478c1d46014468173) Importer(815301076,1909f56bfc062723c751e8b465ee728b)
Start importing Assets/Ground2.jpeg using Guid(573de1ffd135c73478c1d46014468173) Importer(815301076,1909f56bfc062723c751e8b465ee728b)  -> (artifact id: '5b3e284d30c89271accba94e9755bfa1') in 0.049942 seconds
  Import took 0.052201 seconds .

========================================================================
Received Import Request.
  Time since last request: 0.000188 seconds.
  path: Assets/Ground1.jpeg
  artifactKey: Guid(0560aa0f7f96a23489411d634632f4c9) Importer(815301076,1909f56bfc062723c751e8b465ee728b)
Start importing Assets/Ground1.jpeg using Guid(0560aa0f7f96a23489411d634632f4c9) Importer(815301076,1909f56bfc062723c751e8b465ee728b)  -> (artifact id: '41af63b7fe1d037605938d6327c9b246') in 0.019557 seconds
  Import took 0.021906 seconds .

========================================================================
Received Import Request.
  Time since last request: 0.004373 seconds.
  path: Assets/Ground1.jpeg
  artifactKey: Guid(0560aa0f7f96a23489411d634632f4c9) Importer(815301076,1909f56bfc062723c751e8b465ee728b)
Start importing Assets/Ground1.jpeg using Guid(0560aa0f7f96a23489411d634632f4c9) Importer(815301076,1909f56bfc062723c751e8b465ee728b)  -> (artifact id: '41af63b7fe1d037605938d6327c9b246') in 0.015583 seconds
  Import took 0.017706 seconds .

========================================================================
Received Prepare
Registering precompiled user dll's ...
Registered in 0.001637 seconds.
Begin MonoManager ReloadAssembly
Native extension for WindowsStandalone target not found
Refreshing native plugins compatible for Editor in 0.44 ms, found 0 plugins.
Preloading 0 native plugins for Editor in 0.00 ms.
Invoked RoslynAnalysisRunner static constructor.
RoslynAnalysisRunner will not be running.
RoslynAnalysisRunner has terminated.
Mono: successfully reloaded assembly
- Completed reload, in  0.696 seconds
Platform modules already initialized, skipping
Refreshing native plugins compatible for Editor in 0.43 ms, found 0 plugins.
Preloading 0 native plugins for Editor in 0.00 ms.
Unloading 1408 Unused Serialized files (Serialized files now loaded: 0)
System memory in use before: 67.9 MB.
System memory in use after: 68.0 MB.

Unloading 25 unused Assets to reduce memory usage. Loaded Objects now: 1856.
Total: 1.684000 ms (FindLiveObjects: 0.177700 ms CreateObjectMapping: 0.032800 ms MarkObjects: 1.419700 ms  DeleteObjects: 0.052800 ms)

========================================================================
Received Import Request.
  Time since last request: 679.761734 seconds.
  path: Assets/Ground1 1.jpeg
  artifactKey: Guid(89f209f42192823439996c167e3a455e) Importer(815301076,1909f56bfc062723c751e8b465ee728b)
Start importing Assets/Ground1 1.jpeg using Guid(89f209f42192823439996c167e3a455e) Importer(815301076,1909f56bfc062723c751e8b465ee728b)  -> (artifact id: '9f1bd57fc2fbe01a707b5494f5edaf0d') in 0.041060 seconds
  Import took 0.043613 seconds .

========================================================================
Received Import Request.
  Time since last request: 11.245878 seconds.
  path: Assets/Ground1.jpeg
  artifactKey: Guid(89f209f42192823439996c167e3a455e) Importer(815301076,1909f56bfc062723c751e8b465ee728b)
Start importing Assets/Ground1.jpeg using Guid(89f209f42192823439996c167e3a455e) Importer(815301076,1909f56bfc062723c751e8b465ee728b)  -> (artifact id: 'fc0b4bfda09b83607c26e81981d5110d') in 0.012583 seconds
  Import took 0.014915 seconds .

========================================================================
Received Import Request.
  Time since last request: 5.954990 seconds.
  path: Assets/Ground1.jpeg
  artifactKey: Guid(89f209f42192823439996c167e3a455e) Importer(815301076,1909f56bfc062723c751e8b465ee728b)
Start importing Assets/Ground1.jpeg using Guid(89f209f42192823439996c167e3a455e) Importer(815301076,1909f56bfc062723c751e8b465ee728b)  -> (artifact id: '35804587967de07bdd53ffade3a3fb1b') in 0.049857 seconds
  Import took 0.052170 seconds .

========================================================================
Received Prepare
Registering precompiled user dll's ...
Registered in 0.001851 seconds.
Begin MonoManager ReloadAssembly
Native extension for WindowsStandalone target not found
Refreshing native plugins compatible for Editor in 0.44 ms, found 0 plugins.
Preloading 0 native plugins for Editor in 0.00 ms.
Invoked RoslynAnalysisRunner static constructor.
RoslynAnalysisRunner will not be running.
RoslynAnalysisRunner has terminated.
Mono: successfully reloaded assembly
- Completed reload, in  0.697 seconds
Platform modules already initialized, skipping
Refreshing native plugins compatible for Editor in 0.42 ms, found 0 plugins.
Preloading 0 native plugins for Editor in 0.00 ms.
Unloading 1408 Unused Serialized files (Serialized files now loaded: 0)
System memory in use before: 68.0 MB.
System memory in use after: 68.0 MB.

Unloading 25 unused Assets to reduce memory usage. Loaded Objects now: 1860.
Total: 1.525500 ms (FindLiveObjects: 0.175800 ms CreateObjectMapping: 0.032300 ms MarkObjects: 1.270200 ms  DeleteObjects: 0.046100 ms)

========================================================================
Received Import Request.
  Time since last request: 209.472516 seconds.
  path: Assets/Ground1.jpeg
  artifactKey: Guid(89f209f42192823439996c167e3a455e) Importer(815301076,1909f56bfc062723c751e8b465ee728b)
Start importing Assets/Ground1.jpeg using Guid(89f209f42192823439996c167e3a455e) Importer(815301076,1909f56bfc062723c751e8b465ee728b)  -> (artifact id: 'cb884e66c3c38b17549114fff3f8f7c0') in 0.059364 seconds
  Import took 0.063014 seconds .

========================================================================
Received Import Request.
  Time since last request: 815.201571 seconds.
  path: Assets/Ground2.jpeg
  artifactKey: Guid(573de1ffd135c73478c1d46014468173) Importer(815301076,1909f56bfc062723c751e8b465ee728b)
Start importing Assets/Ground2.jpeg using Guid(573de1ffd135c73478c1d46014468173) Importer(815301076,1909f56bfc062723c751e8b465ee728b)  -> (artifact id: '8d30854b135fe2eeea43a0fe6eafaded') in 0.021985 seconds
  Import took 0.024888 seconds .

========================================================================
Received Import Request.
  Time since last request: 172.515786 seconds.
  path: Assets/Ground2.jpeg
  artifactKey: Guid(573de1ffd135c73478c1d46014468173) Importer(815301076,1909f56bfc062723c751e8b465ee728b)
Start importing Assets/Ground2.jpeg using Guid(573de1ffd135c73478c1d46014468173) Importer(815301076,1909f56bfc062723c751e8b465ee728b)  -> (artifact id: 'c950eedbc75037179fe4215a6a83d3da') in 0.021913 seconds
  Import took 0.024289 seconds .

========================================================================
Received Prepare
Registering precompiled user dll's ...
Registered in 0.001529 seconds.
Begin MonoManager ReloadAssembly
Native extension for WindowsStandalone target not found
Refreshing native plugins compatible for Editor in 0.47 ms, found 0 plugins.
Preloading 0 native plugins for Editor in 0.00 ms.
Invoked RoslynAnalysisRunner static constructor.
RoslynAnalysisRunner will not be running.
RoslynAnalysisRunner has terminated.
Mono: successfully reloaded assembly
- Completed reload, in  0.731 seconds
Platform modules already initialized, skipping
Refreshing native plugins compatible for Editor in 0.41 ms, found 0 plugins.
Preloading 0 native plugins for Editor in 0.00 ms.
Unloading 1408 Unused Serialized files (Serialized files now loaded: 0)
System memory in use before: 68.0 MB.
System memory in use after: 68.1 MB.

Unloading 25 unused Assets to reduce memory usage. Loaded Objects now: 1864.
Total: 1.744600 ms (FindLiveObjects: 0.250700 ms CreateObjectMapping: 0.045700 ms MarkObjects: 1.399600 ms  DeleteObjects: 0.047700 ms)

========================================================================
Received Import Request.
  Time since last request: 662.554872 seconds.
  path: Assets/CarPathMovement.cs
  artifactKey: Guid(c95865c374c00394d913dd5718983b5d) Importer(815301076,1909f56bfc062723c751e8b465ee728b)
Start importing Assets/CarPathMovement.cs using Guid(c95865c374c00394d913dd5718983b5d) Importer(815301076,1909f56bfc062723c751e8b465ee728b)  -> (artifact id: '8194ed603517cdbbaa6b4de61dd89793') in 0.011135 seconds
  Import took 0.013715 seconds .

========================================================================
Received Prepare
Registering precompiled user dll's ...
Registered in 0.001796 seconds.
Begin MonoManager ReloadAssembly
Native extension for WindowsStandalone target not found
Refreshing native plugins compatible for Editor in 0.41 ms, found 0 plugins.
Preloading 0 native plugins for Editor in 0.00 ms.
Invoked RoslynAnalysisRunner static constructor.
RoslynAnalysisRunner will not be running.
RoslynAnalysisRunner has terminated.
Mono: successfully reloaded assembly
- Completed reload, in  0.677 seconds
Platform modules already initialized, skipping
Refreshing native plugins compatible for Editor in 0.41 ms, found 0 plugins.
Preloading 0 native plugins for Editor in 0.00 ms.
Unloading 1409 Unused Serialized files (Serialized files now loaded: 0)
System memory in use before: 68.0 MB.
System memory in use after: 68.1 MB.

Unloading 25 unused Assets to reduce memory usage. Loaded Objects now: 1868.
Total: 1.522500 ms (FindLiveObjects: 0.154600 ms CreateObjectMapping: 0.033300 ms MarkObjects: 1.284700 ms  DeleteObjects: 0.049000 ms)

========================================================================
Received Prepare
Registering precompiled user dll's ...
Registered in 0.001526 seconds.
Begin MonoManager ReloadAssembly
Native extension for WindowsStandalone target not found
Refreshing native plugins compatible for Editor in 0.40 ms, found 0 plugins.
Preloading 0 native plugins for Editor in 0.00 ms.
Invoked RoslynAnalysisRunner static constructor.
RoslynAnalysisRunner will not be running.
RoslynAnalysisRunner has terminated.
Mono: successfully reloaded assembly
- Completed reload, in  0.688 seconds
Platform modules already initialized, skipping
Refreshing native plugins compatible for Editor in 0.41 ms, found 0 plugins.
Preloading 0 native plugins for Editor in 0.00 ms.
Unloading 1409 Unused Serialized files (Serialized files now loaded: 0)
System memory in use before: 68.0 MB.
System memory in use after: 68.1 MB.

Unloading 25 unused Assets to reduce memory usage. Loaded Objects now: 1871.
Total: 1.611200 ms (FindLiveObjects: 0.207500 ms CreateObjectMapping: 0.034400 ms MarkObjects: 1.322900 ms  DeleteObjects: 0.045600 ms)

========================================================================
Received Prepare
Registering precompiled user dll's ...
Registered in 0.001564 seconds.
Begin MonoManager ReloadAssembly
Native extension for WindowsStandalone target not found
Refreshing native plugins compatible for Editor in 0.42 ms, found 0 plugins.
Preloading 0 native plugins for Editor in 0.00 ms.
Invoked RoslynAnalysisRunner static constructor.
RoslynAnalysisRunner will not be running.
RoslynAnalysisRunner has terminated.
Mono: successfully reloaded assembly
- Completed reload, in  0.655 seconds
Platform modules already initialized, skipping
Refreshing native plugins compatible for Editor in 0.48 ms, found 0 plugins.
Preloading 0 native plugins for Editor in 0.00 ms.
Unloading 1409 Unused Serialized files (Serialized files now loaded: 0)
System memory in use before: 68.0 MB.
System memory in use after: 68.1 MB.

Unloading 25 unused Assets to reduce memory usage. Loaded Objects now: 1874.
Total: 1.767700 ms (FindLiveObjects: 0.244300 ms CreateObjectMapping: 0.034800 ms MarkObjects: 1.424700 ms  DeleteObjects: 0.062500 ms)

========================================================================
Received Prepare
Registering precompiled user dll's ...
Registered in 0.001449 seconds.
Begin MonoManager ReloadAssembly
Native extension for WindowsStandalone target not found
Refreshing native plugins compatible for Editor in 0.41 ms, found 0 plugins.
Preloading 0 native plugins for Editor in 0.00 ms.
Invoked RoslynAnalysisRunner static constructor.
RoslynAnalysisRunner will not be running.
RoslynAnalysisRunner has terminated.
Mono: successfully reloaded assembly
- Completed reload, in  0.653 seconds
Platform modules already initialized, skipping
Refreshing native plugins compatible for Editor in 0.41 ms, found 0 plugins.
Preloading 0 native plugins for Editor in 0.00 ms.
Unloading 1409 Unused Serialized files (Serialized files now loaded: 0)
System memory in use before: 68.0 MB.
System memory in use after: 68.1 MB.

Unloading 25 unused Assets to reduce memory usage. Loaded Objects now: 1877.
Total: 1.715300 ms (FindLiveObjects: 0.176300 ms CreateObjectMapping: 0.032800 ms MarkObjects: 1.452900 ms  DeleteObjects: 0.052000 ms)

========================================================================
Received Prepare
Registering precompiled user dll's ...
Registered in 0.001717 seconds.
Begin MonoManager ReloadAssembly
Native extension for WindowsStandalone target not found
Refreshing native plugins compatible for Editor in 0.41 ms, found 0 plugins.
Preloading 0 native plugins for Editor in 0.00 ms.
Invoked RoslynAnalysisRunner static constructor.
RoslynAnalysisRunner will not be running.
RoslynAnalysisRunner has terminated.
Mono: successfully reloaded assembly
- Completed reload, in  0.656 seconds
Platform modules already initialized, skipping
Refreshing native plugins compatible for Editor in 0.42 ms, found 0 plugins.
Preloading 0 native plugins for Editor in 0.00 ms.
Unloading 1409 Unused Serialized files (Serialized files now loaded: 0)
System memory in use before: 68.0 MB.
System memory in use after: 68.1 MB.

Unloading 25 unused Assets to reduce memory usage. Loaded Objects now: 1880.
Total: 1.771400 ms (FindLiveObjects: 0.242700 ms CreateObjectMapping: 0.044600 ms MarkObjects: 1.423900 ms  DeleteObjects: 0.059200 ms)

========================================================================
Received Prepare
Registering precompiled user dll's ...
Registered in 0.001542 seconds.
Begin MonoManager ReloadAssembly
Native extension for WindowsStandalone target not found
Refreshing native plugins compatible for Editor in 0.40 ms, found 0 plugins.
Preloading 0 native plugins for Editor in 0.00 ms.
Invoked RoslynAnalysisRunner static constructor.
RoslynAnalysisRunner will not be running.
RoslynAnalysisRunner has terminated.
Mono: successfully reloaded assembly
- Completed reload, in  0.656 seconds
Platform modules already initialized, skipping
Refreshing native plugins compatible for Editor in 0.49 ms, found 0 plugins.
Preloading 0 native plugins for Editor in 0.00 ms.
Unloading 1409 Unused Serialized files (Serialized files now loaded: 0)
System memory in use before: 68.0 MB.
System memory in use after: 68.1 MB.

Unloading 25 unused Assets to reduce memory usage. Loaded Objects now: 1883.
Total: 1.677800 ms (FindLiveObjects: 0.172300 ms CreateObjectMapping: 0.033800 ms MarkObjects: 1.414500 ms  DeleteObjects: 0.056200 ms)

========================================================================
Received Prepare
Registering precompiled user dll's ...
Registered in 0.001507 seconds.
Begin MonoManager ReloadAssembly
Native extension for WindowsStandalone target not found
Refreshing native plugins compatible for Editor in 0.42 ms, found 0 plugins.
Preloading 0 native plugins for Editor in 0.00 ms.
Invoked RoslynAnalysisRunner static constructor.
RoslynAnalysisRunner will not be running.
RoslynAnalysisRunner has terminated.
Mono: successfully reloaded assembly
- Completed reload, in  0.670 seconds
Platform modules already initialized, skipping
Refreshing native plugins compatible for Editor in 0.41 ms, found 0 plugins.
Preloading 0 native plugins for Editor in 0.00 ms.
Unloading 1409 Unused Serialized files (Serialized files now loaded: 0)
System memory in use before: 68.0 MB.
System memory in use after: 68.1 MB.

Unloading 25 unused Assets to reduce memory usage. Loaded Objects now: 1886.
Total: 1.867000 ms (FindLiveObjects: 0.186300 ms CreateObjectMapping: 0.033800 ms MarkObjects: 1.589900 ms  DeleteObjects: 0.055900 ms)

========================================================================
Received Prepare
Registering precompiled user dll's ...
Registered in 0.001581 seconds.
Begin MonoManager ReloadAssembly
Native extension for WindowsStandalone target not found
Refreshing native plugins compatible for Editor in 0.40 ms, found 0 plugins.
Preloading 0 native plugins for Editor in 0.00 ms.
Invoked RoslynAnalysisRunner static constructor.
RoslynAnalysisRunner will not be running.
RoslynAnalysisRunner has terminated.
Mono: successfully reloaded assembly
- Completed reload, in  0.653 seconds
Platform modules already initialized, skipping
Refreshing native plugins compatible for Editor in 0.39 ms, found 0 plugins.
Preloading 0 native plugins for Editor in 0.00 ms.
Unloading 1409 Unused Serialized files (Serialized files now loaded: 0)
System memory in use before: 68.1 MB.
System memory in use after: 68.1 MB.

Unloading 25 unused Assets to reduce memory usage. Loaded Objects now: 1889.
Total: 1.538400 ms (FindLiveObjects: 0.162400 ms CreateObjectMapping: 0.033300 ms MarkObjects: 1.295300 ms  DeleteObjects: 0.046000 ms)

========================================================================
Received Prepare
Registering precompiled user dll's ...
Registered in 0.001527 seconds.
Begin MonoManager ReloadAssembly
Native extension for WindowsStandalone target not found
Refreshing native plugins compatible for Editor in 0.41 ms, found 0 plugins.
Preloading 0 native plugins for Editor in 0.00 ms.
Invoked RoslynAnalysisRunner static constructor.
RoslynAnalysisRunner will not be running.
RoslynAnalysisRunner has terminated.
Mono: successfully reloaded assembly
- Completed reload, in  0.655 seconds
Platform modules already initialized, skipping
Refreshing native plugins compatible for Editor in 0.41 ms, found 0 plugins.
Preloading 0 native plugins for Editor in 0.00 ms.
Unloading 1409 Unused Serialized files (Serialized files now loaded: 0)
System memory in use before: 68.1 MB.
System memory in use after: 68.1 MB.

Unloading 25 unused Assets to reduce memory usage. Loaded Objects now: 1892.
Total: 1.661100 ms (FindLiveObjects: 0.186700 ms CreateObjectMapping: 0.034300 ms MarkObjects: 1.393900 ms  DeleteObjects: 0.045000 ms)

========================================================================
Received Prepare
Registering precompiled user dll's ...
Registered in 0.001471 seconds.
Begin MonoManager ReloadAssembly
Native extension for WindowsStandalone target not found
Refreshing native plugins compatible for Editor in 0.41 ms, found 0 plugins.
Preloading 0 native plugins for Editor in 0.00 ms.
Invoked RoslynAnalysisRunner static constructor.
RoslynAnalysisRunner will not be running.
RoslynAnalysisRunner has terminated.
Mono: successfully reloaded assembly
- Completed reload, in  0.653 seconds
Platform modules already initialized, skipping
Refreshing native plugins compatible for Editor in 0.41 ms, found 0 plugins.
Preloading 0 native plugins for Editor in 0.00 ms.
Unloading 1409 Unused Serialized files (Serialized files now loaded: 0)
System memory in use before: 68.1 MB.
System memory in use after: 68.1 MB.

Unloading 25 unused Assets to reduce memory usage. Loaded Objects now: 1895.
Total: 1.660500 ms (FindLiveObjects: 0.270200 ms CreateObjectMapping: 0.045500 ms MarkObjects: 1.292600 ms  DeleteObjects: 0.050800 ms)

========================================================================
Received Prepare
Registering precompiled user dll's ...
Registered in 0.001642 seconds.
Begin MonoManager ReloadAssembly
Native extension for WindowsStandalone target not found
Refreshing native plugins compatible for Editor in 0.40 ms, found 0 plugins.
Preloading 0 native plugins for Editor in 0.00 ms.
Invoked RoslynAnalysisRunner static constructor.
RoslynAnalysisRunner will not be running.
RoslynAnalysisRunner has terminated.
Mono: successfully reloaded assembly
- Completed reload, in  0.661 seconds
Platform modules already initialized, skipping
Refreshing native plugins compatible for Editor in 0.39 ms, found 0 plugins.
Preloading 0 native plugins for Editor in 0.00 ms.
Unloading 1409 Unused Serialized files (Serialized files now loaded: 0)
System memory in use before: 68.1 MB.
System memory in use after: 68.2 MB.

Unloading 25 unused Assets to reduce memory usage. Loaded Objects now: 1898.
Total: 1.605200 ms (FindLiveObjects: 0.195900 ms CreateObjectMapping: 0.033400 ms MarkObjects: 1.328900 ms  DeleteObjects: 0.045500 ms)

========================================================================
Received Prepare
Registering precompiled user dll's ...
Registered in 0.001630 seconds.
Begin MonoManager ReloadAssembly
Native extension for WindowsStandalone target not found
Refreshing native plugins compatible for Editor in 0.42 ms, found 0 plugins.
Preloading 0 native plugins for Editor in 0.00 ms.
Invoked RoslynAnalysisRunner static constructor.
RoslynAnalysisRunner will not be running.
RoslynAnalysisRunner has terminated.
Mono: successfully reloaded assembly
- Completed reload, in  0.651 seconds
Platform modules already initialized, skipping
Refreshing native plugins compatible for Editor in 0.40 ms, found 0 plugins.
Preloading 0 native plugins for Editor in 0.00 ms.
Unloading 1409 Unused Serialized files (Serialized files now loaded: 0)
System memory in use before: 68.1 MB.
System memory in use after: 68.2 MB.

Unloading 25 unused Assets to reduce memory usage. Loaded Objects now: 1901.
Total: 1.536200 ms (FindLiveObjects: 0.188700 ms CreateObjectMapping: 0.043500 ms MarkObjects: 1.256200 ms  DeleteObjects: 0.047000 ms)

========================================================================
Received Prepare
Registering precompiled user dll's ...
Registered in 0.001507 seconds.
Begin MonoManager ReloadAssembly
Native extension for WindowsStandalone target not found
Refreshing native plugins compatible for Editor in 0.41 ms, found 0 plugins.
Preloading 0 native plugins for Editor in 0.00 ms.
Invoked RoslynAnalysisRunner static constructor.
RoslynAnalysisRunner will not be running.
RoslynAnalysisRunner has terminated.
Mono: successfully reloaded assembly
- Completed reload, in  0.656 seconds
Platform modules already initialized, skipping
Refreshing native plugins compatible for Editor in 0.36 ms, found 0 plugins.
Preloading 0 native plugins for Editor in 0.00 ms.
Unloading 1409 Unused Serialized files (Serialized files now loaded: 0)
System memory in use before: 68.1 MB.
System memory in use after: 68.2 MB.

Unloading 25 unused Assets to reduce memory usage. Loaded Objects now: 1904.
Total: 1.764700 ms (FindLiveObjects: 0.270500 ms CreateObjectMapping: 0.110100 ms MarkObjects: 1.332500 ms  DeleteObjects: 0.050400 ms)

========================================================================
Received Prepare
Registering precompiled user dll's ...
Registered in 0.001537 seconds.
Begin MonoManager ReloadAssembly
Native extension for WindowsStandalone target not found
Refreshing native plugins compatible for Editor in 0.40 ms, found 0 plugins.
Preloading 0 native plugins for Editor in 0.00 ms.
Invoked RoslynAnalysisRunner static constructor.
RoslynAnalysisRunner will not be running.
RoslynAnalysisRunner has terminated.
Mono: successfully reloaded assembly
- Completed reload, in  0.663 seconds
Platform modules already initialized, skipping
Refreshing native plugins compatible for Editor in 0.41 ms, found 0 plugins.
Preloading 0 native plugins for Editor in 0.00 ms.
Unloading 1409 Unused Serialized files (Serialized files now loaded: 0)
System memory in use before: 68.1 MB.
System memory in use after: 68.2 MB.

Unloading 25 unused Assets to reduce memory usage. Loaded Objects now: 1907.
Total: 1.580800 ms (FindLiveObjects: 0.170500 ms CreateObjectMapping: 0.031700 ms MarkObjects: 1.328900 ms  DeleteObjects: 0.048800 ms)

========================================================================
Received Prepare
Registering precompiled user dll's ...
Registered in 0.002700 seconds.
Begin MonoManager ReloadAssembly
Native extension for WindowsStandalone target not found
Refreshing native plugins compatible for Editor in 0.43 ms, found 0 plugins.
Preloading 0 native plugins for Editor in 0.00 ms.
Invoked RoslynAnalysisRunner static constructor.
RoslynAnalysisRunner will not be running.
RoslynAnalysisRunner has terminated.
Mono: successfully reloaded assembly
- Completed reload, in  0.660 seconds
Platform modules already initialized, skipping
Refreshing native plugins compatible for Editor in 0.42 ms, found 0 plugins.
Preloading 0 native plugins for Editor in 0.00 ms.
Unloading 1409 Unused Serialized files (Serialized files now loaded: 0)
System memory in use before: 68.1 MB.
System memory in use after: 68.2 MB.

Unloading 25 unused Assets to reduce memory usage. Loaded Objects now: 1910.
Total: 1.682500 ms (FindLiveObjects: 0.233900 ms CreateObjectMapping: 0.034700 ms MarkObjects: 1.358300 ms  DeleteObjects: 0.054300 ms)

========================================================================
Received Prepare
Registering precompiled user dll's ...
Registered in 0.001942 seconds.
Begin MonoManager ReloadAssembly
Native extension for WindowsStandalone target not found
Refreshing native plugins compatible for Editor in 0.41 ms, found 0 plugins.
Preloading 0 native plugins for Editor in 0.00 ms.
Invoked RoslynAnalysisRunner static constructor.
RoslynAnalysisRunner will not be running.
RoslynAnalysisRunner has terminated.
Mono: successfully reloaded assembly
- Completed reload, in  0.653 seconds
Platform modules already initialized, skipping
Refreshing native plugins compatible for Editor in 0.40 ms, found 0 plugins.
Preloading 0 native plugins for Editor in 0.00 ms.
Unloading 1409 Unused Serialized files (Serialized files now loaded: 0)
System memory in use before: 68.1 MB.
System memory in use after: 68.2 MB.

Unloading 25 unused Assets to reduce memory usage. Loaded Objects now: 1913.
Total: 1.714200 ms (FindLiveObjects: 0.176000 ms CreateObjectMapping: 0.033100 ms MarkObjects: 1.442600 ms  DeleteObjects: 0.060900 ms)

========================================================================
Received Prepare
Registering precompiled user dll's ...
Registered in 0.001442 seconds.
Begin MonoManager ReloadAssembly
Native extension for WindowsStandalone target not found
Refreshing native plugins compatible for Editor in 0.41 ms, found 0 plugins.
Preloading 0 native plugins for Editor in 0.00 ms.
Invoked RoslynAnalysisRunner static constructor.
RoslynAnalysisRunner will not be running.
RoslynAnalysisRunner has terminated.
Mono: successfully reloaded assembly
- Completed reload, in  0.649 seconds
Platform modules already initialized, skipping
Refreshing native plugins compatible for Editor in 0.43 ms, found 0 plugins.
Preloading 0 native plugins for Editor in 0.00 ms.
Unloading 1409 Unused Serialized files (Serialized files now loaded: 0)
System memory in use before: 68.1 MB.
System memory in use after: 68.2 MB.

Unloading 25 unused Assets to reduce memory usage. Loaded Objects now: 1916.
Total: 1.717800 ms (FindLiveObjects: 0.264300 ms CreateObjectMapping: 0.040500 ms MarkObjects: 1.359400 ms  DeleteObjects: 0.052700 ms)

========================================================================
Received Prepare
Registering precompiled user dll's ...
Registered in 0.001617 seconds.
Begin MonoManager ReloadAssembly
Native extension for WindowsStandalone target not found
Refreshing native plugins compatible for Editor in 0.41 ms, found 0 plugins.
Preloading 0 native plugins for Editor in 0.00 ms.
Invoked RoslynAnalysisRunner static constructor.
RoslynAnalysisRunner will not be running.
RoslynAnalysisRunner has terminated.
Mono: successfully reloaded assembly
- Completed reload, in  0.644 seconds
Platform modules already initialized, skipping
Refreshing native plugins compatible for Editor in 0.44 ms, found 0 plugins.
Preloading 0 native plugins for Editor in 0.00 ms.
Unloading 1409 Unused Serialized files (Serialized files now loaded: 0)
System memory in use before: 68.1 MB.
System memory in use after: 68.2 MB.

Unloading 25 unused Assets to reduce memory usage. Loaded Objects now: 1919.
Total: 1.883900 ms (FindLiveObjects: 0.178600 ms CreateObjectMapping: 0.033900 ms MarkObjects: 1.611400 ms  DeleteObjects: 0.058900 ms)

========================================================================
Received Prepare
Registering precompiled user dll's ...
Registered in 0.001571 seconds.
Begin MonoManager ReloadAssembly
Native extension for WindowsStandalone target not found
Refreshing native plugins compatible for Editor in 0.40 ms, found 0 plugins.
Preloading 0 native plugins for Editor in 0.00 ms.
Invoked RoslynAnalysisRunner static constructor.
RoslynAnalysisRunner will not be running.
RoslynAnalysisRunner has terminated.
Mono: successfully reloaded assembly
- Completed reload, in  0.679 seconds
Platform modules already initialized, skipping
Refreshing native plugins compatible for Editor in 0.39 ms, found 0 plugins.
Preloading 0 native plugins for Editor in 0.00 ms.
Unloading 1409 Unused Serialized files (Serialized files now loaded: 0)
System memory in use before: 68.1 MB.
System memory in use after: 68.2 MB.

Unloading 25 unused Assets to reduce memory usage. Loaded Objects now: 1922.
Total: 1.740400 ms (FindLiveObjects: 0.248700 ms CreateObjectMapping: 0.044400 ms MarkObjects: 1.396900 ms  DeleteObjects: 0.049600 ms)

========================================================================
Received Prepare
Registering precompiled user dll's ...
Registered in 0.002448 seconds.
Begin MonoManager ReloadAssembly
Native extension for WindowsStandalone target not found
Refreshing native plugins compatible for Editor in 0.44 ms, found 0 plugins.
Preloading 0 native plugins for Editor in 0.00 ms.
Invoked RoslynAnalysisRunner static constructor.
RoslynAnalysisRunner will not be running.
RoslynAnalysisRunner has terminated.
Mono: successfully reloaded assembly
- Completed reload, in  0.724 seconds
Platform modules already initialized, skipping
Refreshing native plugins compatible for Editor in 0.57 ms, found 0 plugins.
Preloading 0 native plugins for Editor in 0.00 ms.
Unloading 1409 Unused Serialized files (Serialized files now loaded: 0)
System memory in use before: 68.1 MB.
System memory in use after: 68.2 MB.

Unloading 25 unused Assets to reduce memory usage. Loaded Objects now: 1925.
Total: 1.924900 ms (FindLiveObjects: 0.195700 ms CreateObjectMapping: 0.033100 ms MarkObjects: 1.640000 ms  DeleteObjects: 0.055300 ms)

========================================================================
Received Prepare
Registering precompiled user dll's ...
Registered in 0.001455 seconds.
Begin MonoManager ReloadAssembly
Native extension for WindowsStandalone target not found
Refreshing native plugins compatible for Editor in 0.41 ms, found 0 plugins.
Preloading 0 native plugins for Editor in 0.00 ms.
Invoked RoslynAnalysisRunner static constructor.
RoslynAnalysisRunner will not be running.
RoslynAnalysisRunner has terminated.
Mono: successfully reloaded assembly
- Completed reload, in  0.647 seconds
Platform modules already initialized, skipping
Refreshing native plugins compatible for Editor in 0.41 ms, found 0 plugins.
Preloading 0 native plugins for Editor in 0.00 ms.
Unloading 1409 Unused Serialized files (Serialized files now loaded: 0)
System memory in use before: 68.1 MB.
System memory in use after: 68.2 MB.

Unloading 25 unused Assets to reduce memory usage. Loaded Objects now: 1928.
Total: 1.517800 ms (FindLiveObjects: 0.151000 ms CreateObjectMapping: 0.033100 ms MarkObjects: 1.288100 ms  DeleteObjects: 0.044700 ms)

========================================================================
Received Prepare
Registering precompiled user dll's ...
Registered in 0.001471 seconds.
Begin MonoManager ReloadAssembly
Native extension for WindowsStandalone target not found
Refreshing native plugins compatible for Editor in 0.42 ms, found 0 plugins.
Preloading 0 native plugins for Editor in 0.00 ms.
Invoked RoslynAnalysisRunner static constructor.
RoslynAnalysisRunner will not be running.
RoslynAnalysisRunner has terminated.
Mono: successfully reloaded assembly
- Completed reload, in  0.665 seconds
Platform modules already initialized, skipping
Refreshing native plugins compatible for Editor in 0.41 ms, found 0 plugins.
Preloading 0 native plugins for Editor in 0.00 ms.
Unloading 1409 Unused Serialized files (Serialized files now loaded: 0)
System memory in use before: 68.1 MB.
System memory in use after: 68.2 MB.

Unloading 25 unused Assets to reduce memory usage. Loaded Objects now: 1931.
Total: 1.581900 ms (FindLiveObjects: 0.185600 ms CreateObjectMapping: 0.033500 ms MarkObjects: 1.311400 ms  DeleteObjects: 0.050500 ms)

========================================================================
Received Prepare
Registering precompiled user dll's ...
Registered in 0.001552 seconds.
Begin MonoManager ReloadAssembly
Native extension for WindowsStandalone target not found
Refreshing native plugins compatible for Editor in 0.41 ms, found 0 plugins.
Preloading 0 native plugins for Editor in 0.00 ms.
Invoked RoslynAnalysisRunner static constructor.
RoslynAnalysisRunner will not be running.
RoslynAnalysisRunner has terminated.
Mono: successfully reloaded assembly
- Completed reload, in  0.660 seconds
Platform modules already initialized, skipping
Refreshing native plugins compatible for Editor in 0.41 ms, found 0 plugins.
Preloading 0 native plugins for Editor in 0.00 ms.
Unloading 1409 Unused Serialized files (Serialized files now loaded: 0)
System memory in use before: 68.2 MB.
System memory in use after: 68.2 MB.

Unloading 25 unused Assets to reduce memory usage. Loaded Objects now: 1934.
Total: 1.811300 ms (FindLiveObjects: 0.251100 ms CreateObjectMapping: 0.051000 ms MarkObjects: 1.459400 ms  DeleteObjects: 0.048700 ms)

========================================================================
Received Prepare
Registering precompiled user dll's ...
Registered in 0.001752 seconds.
Begin MonoManager ReloadAssembly
Native extension for WindowsStandalone target not found
Refreshing native plugins compatible for Editor in 0.41 ms, found 0 plugins.
Preloading 0 native plugins for Editor in 0.00 ms.
Invoked RoslynAnalysisRunner static constructor.
RoslynAnalysisRunner will not be running.
RoslynAnalysisRunner has terminated.
Mono: successfully reloaded assembly
- Completed reload, in  0.665 seconds
Platform modules already initialized, skipping
Refreshing native plugins compatible for Editor in 0.41 ms, found 0 plugins.
Preloading 0 native plugins for Editor in 0.00 ms.
Unloading 1409 Unused Serialized files (Serialized files now loaded: 0)
System memory in use before: 68.2 MB.
System memory in use after: 68.2 MB.

Unloading 25 unused Assets to reduce memory usage. Loaded Objects now: 1937.
Total: 1.680400 ms (FindLiveObjects: 0.179200 ms CreateObjectMapping: 0.033100 ms MarkObjects: 1.412600 ms  DeleteObjects: 0.054200 ms)

========================================================================
Received Prepare
Registering precompiled user dll's ...
Registered in 0.001430 seconds.
Begin MonoManager ReloadAssembly
Native extension for WindowsStandalone target not found
Refreshing native plugins compatible for Editor in 0.43 ms, found 0 plugins.
Preloading 0 native plugins for Editor in 0.00 ms.
Invoked RoslynAnalysisRunner static constructor.
RoslynAnalysisRunner will not be running.
RoslynAnalysisRunner has terminated.
Mono: successfully reloaded assembly
- Completed reload, in  0.640 seconds
Platform modules already initialized, skipping
Refreshing native plugins compatible for Editor in 0.40 ms, found 0 plugins.
Preloading 0 native plugins for Editor in 0.00 ms.
Unloading 1409 Unused Serialized files (Serialized files now loaded: 0)
System memory in use before: 68.2 MB.
System memory in use after: 68.2 MB.

Unloading 25 unused Assets to reduce memory usage. Loaded Objects now: 1940.
Total: 1.960900 ms (FindLiveObjects: 0.309500 ms CreateObjectMapping: 0.037100 ms MarkObjects: 1.555500 ms  DeleteObjects: 0.057400 ms)

========================================================================
Received Prepare
Registering precompiled user dll's ...
Registered in 0.001494 seconds.
Begin MonoManager ReloadAssembly
Native extension for WindowsStandalone target not found
Refreshing native plugins compatible for Editor in 0.41 ms, found 0 plugins.
Preloading 0 native plugins for Editor in 0.00 ms.
Invoked RoslynAnalysisRunner static constructor.
RoslynAnalysisRunner will not be running.
RoslynAnalysisRunner has terminated.
Mono: successfully reloaded assembly
- Completed reload, in  0.661 seconds
Platform modules already initialized, skipping
Refreshing native plugins compatible for Editor in 0.40 ms, found 0 plugins.
Preloading 0 native plugins for Editor in 0.00 ms.
Unloading 1409 Unused Serialized files (Serialized files now loaded: 0)
System memory in use before: 68.2 MB.
System memory in use after: 68.3 MB.

Unloading 25 unused Assets to reduce memory usage. Loaded Objects now: 1943.
Total: 1.590700 ms (FindLiveObjects: 0.182500 ms CreateObjectMapping: 0.035000 ms MarkObjects: 1.325600 ms  DeleteObjects: 0.046700 ms)

========================================================================
Received Prepare
Registering precompiled user dll's ...
Registered in 0.001685 seconds.
Begin MonoManager ReloadAssembly
Native extension for WindowsStandalone target not found
Refreshing native plugins compatible for Editor in 0.41 ms, found 0 plugins.
Preloading 0 native plugins for Editor in 0.00 ms.
Invoked RoslynAnalysisRunner static constructor.
RoslynAnalysisRunner will not be running.
RoslynAnalysisRunner has terminated.
Mono: successfully reloaded assembly
- Completed reload, in  0.671 seconds
Platform modules already initialized, skipping
Refreshing native plugins compatible for Editor in 0.41 ms, found 0 plugins.
Preloading 0 native plugins for Editor in 0.00 ms.
Unloading 1409 Unused Serialized files (Serialized files now loaded: 0)
System memory in use before: 68.2 MB.
System memory in use after: 68.3 MB.

Unloading 25 unused Assets to reduce memory usage. Loaded Objects now: 1946.
Total: 1.563800 ms (FindLiveObjects: 0.165400 ms CreateObjectMapping: 0.033000 ms MarkObjects: 1.318300 ms  DeleteObjects: 0.046400 ms)

========================================================================
Received Prepare
Registering precompiled user dll's ...
Registered in 0.001527 seconds.
Begin MonoManager ReloadAssembly
Native extension for WindowsStandalone target not found
Refreshing native plugins compatible for Editor in 0.45 ms, found 0 plugins.
Preloading 0 native plugins for Editor in 0.00 ms.
Invoked RoslynAnalysisRunner static constructor.
RoslynAnalysisRunner will not be running.
RoslynAnalysisRunner has terminated.
Mono: successfully reloaded assembly
- Completed reload, in  0.658 seconds
Platform modules already initialized, skipping
Refreshing native plugins compatible for Editor in 0.41 ms, found 0 plugins.
Preloading 0 native plugins for Editor in 0.00 ms.
Unloading 1409 Unused Serialized files (Serialized files now loaded: 0)
System memory in use before: 68.2 MB.
System memory in use after: 68.3 MB.

Unloading 25 unused Assets to reduce memory usage. Loaded Objects now: 1949.
Total: 1.529600 ms (FindLiveObjects: 0.156800 ms CreateObjectMapping: 0.032900 ms MarkObjects: 1.295100 ms  DeleteObjects: 0.044000 ms)

========================================================================
Received Prepare
Registering precompiled user dll's ...
Registered in 0.001424 seconds.
Begin MonoManager ReloadAssembly
Native extension for WindowsStandalone target not found
Refreshing native plugins compatible for Editor in 0.42 ms, found 0 plugins.
Preloading 0 native plugins for Editor in 0.00 ms.
Invoked RoslynAnalysisRunner static constructor.
RoslynAnalysisRunner will not be running.
RoslynAnalysisRunner has terminated.
Mono: successfully reloaded assembly
- Completed reload, in  0.656 seconds
Platform modules already initialized, skipping
Refreshing native plugins compatible for Editor in 0.41 ms, found 0 plugins.
Preloading 0 native plugins for Editor in 0.00 ms.
Unloading 1409 Unused Serialized files (Serialized files now loaded: 0)
System memory in use before: 68.2 MB.
System memory in use after: 68.3 MB.

Unloading 25 unused Assets to reduce memory usage. Loaded Objects now: 1952.
Total: 1.625800 ms (FindLiveObjects: 0.206600 ms CreateObjectMapping: 0.034900 ms MarkObjects: 1.333700 ms  DeleteObjects: 0.049500 ms)

========================================================================
Received Prepare
Registering precompiled user dll's ...
Registered in 0.001478 seconds.
Begin MonoManager ReloadAssembly
Native extension for WindowsStandalone target not found
Refreshing native plugins compatible for Editor in 0.40 ms, found 0 plugins.
Preloading 0 native plugins for Editor in 0.00 ms.
Invoked RoslynAnalysisRunner static constructor.
RoslynAnalysisRunner will not be running.
RoslynAnalysisRunner has terminated.
Mono: successfully reloaded assembly
- Completed reload, in  0.654 seconds
Platform modules already initialized, skipping
Refreshing native plugins compatible for Editor in 0.40 ms, found 0 plugins.
Preloading 0 native plugins for Editor in 0.00 ms.
Unloading 1409 Unused Serialized files (Serialized files now loaded: 0)
System memory in use before: 68.2 MB.
System memory in use after: 68.3 MB.

Unloading 25 unused Assets to reduce memory usage. Loaded Objects now: 1955.
Total: 1.675700 ms (FindLiveObjects: 0.160100 ms CreateObjectMapping: 0.034000 ms MarkObjects: 1.425500 ms  DeleteObjects: 0.055300 ms)

========================================================================
Received Prepare
Registering precompiled user dll's ...
Registered in 0.001537 seconds.
Begin MonoManager ReloadAssembly
Native extension for WindowsStandalone target not found
Refreshing native plugins compatible for Editor in 0.40 ms, found 0 plugins.
Preloading 0 native plugins for Editor in 0.00 ms.
Invoked RoslynAnalysisRunner static constructor.
RoslynAnalysisRunner will not be running.
RoslynAnalysisRunner has terminated.
Mono: successfully reloaded assembly
- Completed reload, in  0.656 seconds
Platform modules already initialized, skipping
Refreshing native plugins compatible for Editor in 0.33 ms, found 0 plugins.
Preloading 0 native plugins for Editor in 0.00 ms.
Unloading 1409 Unused Serialized files (Serialized files now loaded: 0)
System memory in use before: 68.2 MB.
System memory in use after: 68.3 MB.

Unloading 25 unused Assets to reduce memory usage. Loaded Objects now: 1958.
Total: 1.816800 ms (FindLiveObjects: 0.219100 ms CreateObjectMapping: 0.045800 ms MarkObjects: 1.492200 ms  DeleteObjects: 0.058700 ms)

========================================================================
Received Prepare
Registering precompiled user dll's ...
Registered in 0.001636 seconds.
Begin MonoManager ReloadAssembly
Native extension for WindowsStandalone target not found
Refreshing native plugins compatible for Editor in 0.41 ms, found 0 plugins.
Preloading 0 native plugins for Editor in 0.00 ms.
Invoked RoslynAnalysisRunner static constructor.
RoslynAnalysisRunner will not be running.
RoslynAnalysisRunner has terminated.
Mono: successfully reloaded assembly
- Completed reload, in  0.663 seconds
Platform modules already initialized, skipping
Refreshing native plugins compatible for Editor in 0.45 ms, found 0 plugins.
Preloading 0 native plugins for Editor in 0.00 ms.
Unloading 1409 Unused Serialized files (Serialized files now loaded: 0)
System memory in use before: 68.2 MB.
System memory in use after: 68.3 MB.

Unloading 25 unused Assets to reduce memory usage. Loaded Objects now: 1961.
Total: 1.629800 ms (FindLiveObjects: 0.189000 ms CreateObjectMapping: 0.035100 ms MarkObjects: 1.346300 ms  DeleteObjects: 0.058800 ms)

========================================================================
Received Prepare
Registering precompiled user dll's ...
Registered in 0.001549 seconds.
Begin MonoManager ReloadAssembly
Native extension for WindowsStandalone target not found
Refreshing native plugins compatible for Editor in 0.40 ms, found 0 plugins.
Preloading 0 native plugins for Editor in 0.00 ms.
Invoked RoslynAnalysisRunner static constructor.
RoslynAnalysisRunner will not be running.
RoslynAnalysisRunner has terminated.
Mono: successfully reloaded assembly
- Completed reload, in  0.660 seconds
Platform modules already initialized, skipping
Refreshing native plugins compatible for Editor in 0.41 ms, found 0 plugins.
Preloading 0 native plugins for Editor in 0.00 ms.
Unloading 1409 Unused Serialized files (Serialized files now loaded: 0)
System memory in use before: 68.2 MB.
System memory in use after: 68.3 MB.

Unloading 25 unused Assets to reduce memory usage. Loaded Objects now: 1964.
Total: 1.615200 ms (FindLiveObjects: 0.201500 ms CreateObjectMapping: 0.034500 ms MarkObjects: 1.333000 ms  DeleteObjects: 0.045400 ms)

========================================================================
Received Prepare
Registering precompiled user dll's ...
Registered in 0.001470 seconds.
Begin MonoManager ReloadAssembly
Native extension for WindowsStandalone target not found
Refreshing native plugins compatible for Editor in 0.42 ms, found 0 plugins.
Preloading 0 native plugins for Editor in 0.00 ms.
Invoked RoslynAnalysisRunner static constructor.
RoslynAnalysisRunner will not be running.
RoslynAnalysisRunner has terminated.
Mono: successfully reloaded assembly
- Completed reload, in  0.660 seconds
Platform modules already initialized, skipping
Refreshing native plugins compatible for Editor in 0.42 ms, found 0 plugins.
Preloading 0 native plugins for Editor in 0.00 ms.
Unloading 1409 Unused Serialized files (Serialized files now loaded: 0)
System memory in use before: 68.2 MB.
System memory in use after: 68.3 MB.

Unloading 25 unused Assets to reduce memory usage. Loaded Objects now: 1967.
Total: 1.698800 ms (FindLiveObjects: 0.178000 ms CreateObjectMapping: 0.033300 ms MarkObjects: 1.429900 ms  DeleteObjects: 0.056300 ms)

========================================================================
Received Prepare
Registering precompiled user dll's ...
Registered in 0.001543 seconds.
Begin MonoManager ReloadAssembly
Native extension for WindowsStandalone target not found
Refreshing native plugins compatible for Editor in 0.41 ms, found 0 plugins.
Preloading 0 native plugins for Editor in 0.00 ms.
Invoked RoslynAnalysisRunner static constructor.
RoslynAnalysisRunner will not be running.
RoslynAnalysisRunner has terminated.
Mono: successfully reloaded assembly
- Completed reload, in  0.656 seconds
Platform modules already initialized, skipping
Refreshing native plugins compatible for Editor in 0.43 ms, found 0 plugins.
Preloading 0 native plugins for Editor in 0.00 ms.
Unloading 1409 Unused Serialized files (Serialized files now loaded: 0)
System memory in use before: 68.2 MB.
System memory in use after: 68.3 MB.

Unloading 25 unused Assets to reduce memory usage. Loaded Objects now: 1970.
Total: 1.534900 ms (FindLiveObjects: 0.152400 ms CreateObjectMapping: 0.033500 ms MarkObjects: 1.304100 ms  DeleteObjects: 0.044000 ms)

========================================================================
Received Prepare
Registering precompiled user dll's ...
Registered in 0.001453 seconds.
Begin MonoManager ReloadAssembly
Native extension for WindowsStandalone target not found
Refreshing native plugins compatible for Editor in 0.41 ms, found 0 plugins.
Preloading 0 native plugins for Editor in 0.00 ms.
Invoked RoslynAnalysisRunner static constructor.
RoslynAnalysisRunner will not be running.
RoslynAnalysisRunner has terminated.
Mono: successfully reloaded assembly
- Completed reload, in  0.650 seconds
Platform modules already initialized, skipping
Refreshing native plugins compatible for Editor in 0.42 ms, found 0 plugins.
Preloading 0 native plugins for Editor in 0.00 ms.
Unloading 1409 Unused Serialized files (Serialized files now loaded: 0)
System memory in use before: 68.2 MB.
System memory in use after: 68.3 MB.

Unloading 25 unused Assets to reduce memory usage. Loaded Objects now: 1973.
Total: 1.618300 ms (FindLiveObjects: 0.184400 ms CreateObjectMapping: 0.034500 ms MarkObjects: 1.348100 ms  DeleteObjects: 0.050300 ms)

========================================================================
Received Prepare
Registering precompiled user dll's ...
Registered in 0.001479 seconds.
Begin MonoManager ReloadAssembly
Native extension for WindowsStandalone target not found
Refreshing native plugins compatible for Editor in 0.40 ms, found 0 plugins.
Preloading 0 native plugins for Editor in 0.00 ms.
Invoked RoslynAnalysisRunner static constructor.
RoslynAnalysisRunner will not be running.
RoslynAnalysisRunner has terminated.
Mono: successfully reloaded assembly
- Completed reload, in  0.658 seconds
Platform modules already initialized, skipping
Refreshing native plugins compatible for Editor in 0.40 ms, found 0 plugins.
Preloading 0 native plugins for Editor in 0.00 ms.
Unloading 1409 Unused Serialized files (Serialized files now loaded: 0)
System memory in use before: 68.2 MB.
System memory in use after: 68.3 MB.

Unloading 25 unused Assets to reduce memory usage. Loaded Objects now: 1976.
Total: 1.665300 ms (FindLiveObjects: 0.223400 ms CreateObjectMapping: 0.043500 ms MarkObjects: 1.348900 ms  DeleteObjects: 0.048500 ms)

========================================================================
Received Import Request.
  Time since last request: 6233.642745 seconds.
  path: Assets/carTrans.png
  artifactKey: Guid(6d63d0e15f288134999e173f4b859d95) Importer(815301076,1909f56bfc062723c751e8b465ee728b)
Start importing Assets/carTrans.png using Guid(6d63d0e15f288134999e173f4b859d95) Importer(815301076,1909f56bfc062723c751e8b465ee728b)  -> (artifact id: 'edaf6d53c7ab29b7788cda590dceb686') in 0.041444 seconds
  Import took 0.044038 seconds .

========================================================================
Received Import Request.
  Time since last request: 10.825892 seconds.
  path: Assets/carTrans.png
  artifactKey: Guid(6d63d0e15f288134999e173f4b859d95) Importer(815301076,1909f56bfc062723c751e8b465ee728b)
Start importing Assets/carTrans.png using Guid(6d63d0e15f288134999e173f4b859d95) Importer(815301076,1909f56bfc062723c751e8b465ee728b)  -> (artifact id: '92cb836d9e5d585aa300962aebfd8683') in 0.030197 seconds
  Import took 0.032548 seconds .

========================================================================
Received Prepare
Registering precompiled user dll's ...
Registered in 0.002139 seconds.
Begin MonoManager ReloadAssembly
Native extension for WindowsStandalone target not found
Refreshing native plugins compatible for Editor in 0.43 ms, found 0 plugins.
Preloading 0 native plugins for Editor in 0.00 ms.
Invoked RoslynAnalysisRunner static constructor.
RoslynAnalysisRunner will not be running.
RoslynAnalysisRunner has terminated.
Mono: successfully reloaded assembly
- Completed reload, in  0.717 seconds
Platform modules already initialized, skipping
Refreshing native plugins compatible for Editor in 0.55 ms, found 0 plugins.
Preloading 0 native plugins for Editor in 0.00 ms.
Unloading 1409 Unused Serialized files (Serialized files now loaded: 0)
System memory in use before: 68.3 MB.
System memory in use after: 68.4 MB.

Unloading 25 unused Assets to reduce memory usage. Loaded Objects now: 1982.
Total: 2.237000 ms (FindLiveObjects: 0.297000 ms CreateObjectMapping: 0.066300 ms MarkObjects: 1.806200 ms  DeleteObjects: 0.066400 ms)

========================================================================
Received Prepare
Registering precompiled user dll's ...
Registered in 0.001730 seconds.
Begin MonoManager ReloadAssembly
Native extension for WindowsStandalone target not found
Refreshing native plugins compatible for Editor in 0.45 ms, found 0 plugins.
Preloading 0 native plugins for Editor in 0.00 ms.
Invoked RoslynAnalysisRunner static constructor.
RoslynAnalysisRunner will not be running.
RoslynAnalysisRunner has terminated.
Mono: successfully reloaded assembly
- Completed reload, in  0.712 seconds
Platform modules already initialized, skipping
Refreshing native plugins compatible for Editor in 0.42 ms, found 0 plugins.
Preloading 0 native plugins for Editor in 0.00 ms.
Unloading 1409 Unused Serialized files (Serialized files now loaded: 0)
System memory in use before: 68.3 MB.
System memory in use after: 68.4 MB.

Unloading 25 unused Assets to reduce memory usage. Loaded Objects now: 1985.
Total: 1.742700 ms (FindLiveObjects: 0.217400 ms CreateObjectMapping: 0.040100 ms MarkObjects: 1.421100 ms  DeleteObjects: 0.062800 ms)

========================================================================
Received Prepare
Registering precompiled user dll's ...
Registered in 0.001796 seconds.
Begin MonoManager ReloadAssembly
Native extension for WindowsStandalone target not found
Refreshing native plugins compatible for Editor in 0.52 ms, found 0 plugins.
Preloading 0 native plugins for Editor in 0.00 ms.
Invoked RoslynAnalysisRunner static constructor.
RoslynAnalysisRunner will not be running.
RoslynAnalysisRunner has terminated.
Mono: successfully reloaded assembly
- Completed reload, in  0.786 seconds
Platform modules already initialized, skipping
Refreshing native plugins compatible for Editor in 0.46 ms, found 0 plugins.
Preloading 0 native plugins for Editor in 0.00 ms.
Unloading 1409 Unused Serialized files (Serialized files now loaded: 0)
System memory in use before: 68.3 MB.
System memory in use after: 68.4 MB.

Unloading 25 unused Assets to reduce memory usage. Loaded Objects now: 1988.
Total: 1.913000 ms (FindLiveObjects: 0.287400 ms CreateObjectMapping: 0.038000 ms MarkObjects: 1.533000 ms  DeleteObjects: 0.053800 ms)

========================================================================
Received Import Request.
  Time since last request: 3670.526761 seconds.
  path: Assets/Grounds
  artifactKey: Guid(1297b8992aca89d46a3cddf0cf3e6b13) Importer(815301076,1909f56bfc062723c751e8b465ee728b)
Start importing Assets/Grounds using Guid(1297b8992aca89d46a3cddf0cf3e6b13) Importer(815301076,1909f56bfc062723c751e8b465ee728b)  -> (artifact id: '73deeb54c7eaceecbd57415d1ca45092') in 0.008584 seconds
  Import took 0.011274 seconds .

========================================================================
Received Import Request.
  Time since last request: 11.392648 seconds.
  path: Assets/CarPathMovement.cs
  artifactKey: Guid(c95865c374c00394d913dd5718983b5d) Importer(815301076,1909f56bfc062723c751e8b465ee728b)
Start importing Assets/CarPathMovement.cs using Guid(c95865c374c00394d913dd5718983b5d) Importer(815301076,1909f56bfc062723c751e8b465ee728b)  -> (artifact id: '6d5f635f9edd7514fe44ef4988337712') in 0.005054 seconds
  Import took 0.007318 seconds .

========================================================================
Received Import Request.
  Time since last request: 4.648074 seconds.
  path: Assets/Scenes
  artifactKey: Guid(7b191b3f037d11943adf88805375af37) Importer(815301076,1909f56bfc062723c751e8b465ee728b)
Start importing Assets/Scenes using Guid(7b191b3f037d11943adf88805375af37) Importer(815301076,1909f56bfc062723c751e8b465ee728b)  -> (artifact id: 'b6d2122905cb3851ec0f9fabd6d9c209') in 0.005654 seconds
  Import took 0.007894 seconds .

========================================================================
Received Import Request.
  Time since last request: 17.368573 seconds.
  path: Assets/SimulationCodes
  artifactKey: Guid(204ab04b14dd6ae44a8124ab92bd3c2e) Importer(815301076,1909f56bfc062723c751e8b465ee728b)
Start importing Assets/SimulationCodes using Guid(204ab04b14dd6ae44a8124ab92bd3c2e) Importer(815301076,1909f56bfc062723c751e8b465ee728b)  -> (artifact id: 'de880681eee5acbde8fd0c3c302ac254') in 0.006114 seconds
  Import took 0.008478 seconds .

========================================================================
Received Import Request.
  Time since last request: 1.833529 seconds.
  path: Assets/UAV_MovementController.cs
  artifactKey: Guid(a68409baa3ec4ae4cbe74e80a9908203) Importer(815301076,1909f56bfc062723c751e8b465ee728b)
Start importing Assets/UAV_MovementController.cs using Guid(a68409baa3ec4ae4cbe74e80a9908203) Importer(815301076,1909f56bfc062723c751e8b465ee728b)  -> (artifact id: 'cb3b173c8ec6b71a1e5d4d662573e42f') in 0.005285 seconds
  Import took 0.007478 seconds .

========================================================================
Received Prepare
Registering precompiled user dll's ...
Registered in 0.001512 seconds.
Begin MonoManager ReloadAssembly
Native extension for WindowsStandalone target not found
Refreshing native plugins compatible for Editor in 0.41 ms, found 0 plugins.
Preloading 0 native plugins for Editor in 0.00 ms.
Invoked RoslynAnalysisRunner static constructor.
RoslynAnalysisRunner will not be running.
RoslynAnalysisRunner has terminated.
Mono: successfully reloaded assembly
- Completed reload, in  0.661 seconds
Platform modules already initialized, skipping
Refreshing native plugins compatible for Editor in 0.39 ms, found 0 plugins.
Preloading 0 native plugins for Editor in 0.00 ms.
Unloading 1409 Unused Serialized files (Serialized files now loaded: 0)
System memory in use before: 68.3 MB.
System memory in use after: 68.4 MB.

Unloading 25 unused Assets to reduce memory usage. Loaded Objects now: 1991.
Total: 1.644800 ms (FindLiveObjects: 0.207700 ms CreateObjectMapping: 0.034800 ms MarkObjects: 1.351700 ms  DeleteObjects: 0.049300 ms)

========================================================================
Received Import Request.
  Time since last request: 20.615618 seconds.
  path: Assets/CarAssets
  artifactKey: Guid(fea2a6549ab0a994f825c86c0d049228) Importer(815301076,1909f56bfc062723c751e8b465ee728b)
Start importing Assets/CarAssets using Guid(fea2a6549ab0a994f825c86c0d049228) Importer(815301076,1909f56bfc062723c751e8b465ee728b)  -> (artifact id: 'a03a400900e080760f349e8f19fd9d01') in 0.007300 seconds
  Import took 0.009546 seconds .

========================================================================
Received Import Request.
  Time since last request: 0.003251 seconds.
  path: Assets/CarAssets
  artifactKey: Guid(fea2a6549ab0a994f825c86c0d049228) Importer(815301076,1909f56bfc062723c751e8b465ee728b)
Start importing Assets/CarAssets using Guid(fea2a6549ab0a994f825c86c0d049228) Importer(815301076,1909f56bfc062723c751e8b465ee728b)  -> (artifact id: 'a03a400900e080760f349e8f19fd9d01') in 0.001669 seconds
  Import took 0.003602 seconds .

AssetImportWorkerClient::OnTransportError - code=2 error=End of file
