Using pre-set license
Built from '2020.3/staging' branch; Version is '2020.3.0f1 (c7b5465681fb) revision 13088070'; Using compiler version '192528614'; Build Type 'Release'
OS: 'Windows 10 Pro; OS build 19041.867; Version 2004; 64bit' Language: 'tr' Physical Memory: 16296 MB
BatchMode: 1, IsHumanControllingUs: 0, StartBugReporterOnCrash: 0, Is64bit: 1, IsPro: 0

 COMMAND LINE ARGUMENTS:
C:\Program Files\Unity\Hub\Editor\2020.3.0f1\Editor\Unity.exe
-adb2
-batchMode
-noUpm
-name
AssetImportWorker0
-projectPath
C:/Users/Alperen/Google Drive/Software/uav-simulation/UAV-Simulation
-logFile
Logs/AssetImportWorker0.log
-srvPort
51868
Successfully changed project path to: C:/Users/Alperen/Google Drive/Software/uav-simulation/UAV-Simulation
C:/Users/Alperen/Google Drive/Software/uav-simulation/UAV-Simulation
Using Asset Import Pipeline V2.
Refreshing native plugins compatible for Editor in 20.79 ms, found 0 plugins.
Preloading 0 native plugins for Editor in 0.00 ms.
Initialize engine version: 2020.3.0f1 (c7b5465681fb)
[Subsystems] Discovering subsystems at path C:/Program Files/Unity/Hub/Editor/2020.3.0f1/Editor/Data/Resources/UnitySubsystems
[Subsystems] Discovering subsystems at path C:/Users/Alperen/Google Drive/Software/uav-simulation/UAV-Simulation/Assets
GfxDevice: creating device client; threaded=0
Direct3D:
    Version:  Direct3D 11.0 [level 11.1]
    Renderer: NVIDIA GeForce GTX 1660 Ti (ID=0x2182)
    Vendor:   
    VRAM:     5991 MB
    Driver:   27.21.14.6172
Initialize mono
Mono path[0] = 'C:/Program Files/Unity/Hub/Editor/2020.3.0f1/Editor/Data/Managed'
Mono path[1] = 'C:/Program Files/Unity/Hub/Editor/2020.3.0f1/Editor/Data/MonoBleedingEdge/lib/mono/unityjit'
Mono config path = 'C:/Program Files/Unity/Hub/Editor/2020.3.0f1/Editor/Data/MonoBleedingEdge/etc'
Using monoOptions --debugger-agent=transport=dt_socket,embedding=1,server=y,suspend=n,address=127.0.0.1:56380
Begin MonoManager ReloadAssembly
Registering precompiled unity dll's ...
Register platform support module: C:/Program Files/Unity/Hub/Editor/2020.3.0f1/Editor/Data/PlaybackEngines/WindowsStandaloneSupport/UnityEditor.WindowsStandalone.Extensions.dll
Registered in 0.001609 seconds.
Native extension for WindowsStandalone target not found
Refreshing native plugins compatible for Editor in 20.09 ms, found 0 plugins.
Preloading 0 native plugins for Editor in 0.00 ms.
Invoked RoslynAnalysisRunner static constructor.
RoslynAnalysisRunner will not be running.
RoslynAnalysisRunner has terminated.
Mono: successfully reloaded assembly
- Completed reload, in  0.829 seconds
Platform modules already initialized, skipping
Registering precompiled user dll's ...
Registered in 0.000511 seconds.
Begin MonoManager ReloadAssembly
Native extension for WindowsStandalone target not found
Refreshing native plugins compatible for Editor in 0.21 ms, found 0 plugins.
Preloading 0 native plugins for Editor in 0.00 ms.
Invoked RoslynAnalysisRunner static constructor.
RoslynAnalysisRunner will not be running.
RoslynAnalysisRunner has terminated.
Mono: successfully reloaded assembly
- Completed reload, in  0.689 seconds
Platform modules already initialized, skipping
========================================================================
Worker process is ready to serve import requests
Launched and connected shader compiler UnityShaderCompiler.exe after 0.04 seconds
Refreshing native plugins compatible for Editor in 0.22 ms, found 0 plugins.
Preloading 0 native plugins for Editor in 0.00 ms.
Unloading 1113 Unused Serialized files (Serialized files now loaded: 0)
System memory in use before: 56.9 MB.
System memory in use after: 56.9 MB.

Unloading 10 unused Assets to reduce memory usage. Loaded Objects now: 1555.
Total: 1.565600 ms (FindLiveObjects: 0.164200 ms CreateObjectMapping: 0.028600 ms MarkObjects: 1.300500 ms  DeleteObjects: 0.071500 ms)

========================================================================
Received Import Request.
  path: Assets
  artifactKey: Guid(00000000000000001000000000000000) Importer(815301076,1909f56bfc062723c751e8b465ee728b)
Start importing Assets using Guid(00000000000000001000000000000000) Importer(815301076,1909f56bfc062723c751e8b465ee728b)  -> (artifact id: '42baae205c97e3337697759514652acd') in 0.008957 seconds
  Import took 0.010896 seconds .

========================================================================
Received Import Request.
  Time since last request: 32.960147 seconds.
  path: Assets/1.jpg
  artifactKey: Guid(1e0888e7c8902c540ac7bc02532466ad) Importer(815301076,1909f56bfc062723c751e8b465ee728b)
Start importing Assets/1.jpg using Guid(1e0888e7c8902c540ac7bc02532466ad) Importer(815301076,1909f56bfc062723c751e8b465ee728b)  -> (artifact id: '66405a6260a5100ed6ae588b70d35e8c') in 0.194790 seconds
  Import took 0.196664 seconds .

========================================================================
Received Import Request.
  Time since last request: 0.000163 seconds.
  path: Assets/3.jpg
  artifactKey: Guid(a7991f79f6008dd4398f76750f287e00) Importer(815301076,1909f56bfc062723c751e8b465ee728b)
Start importing Assets/3.jpg using Guid(a7991f79f6008dd4398f76750f287e00) Importer(815301076,1909f56bfc062723c751e8b465ee728b)  -> (artifact id: '1dde9a27a4a633d1ab89ffb51960a5f6') in 0.014456 seconds
  Import took 0.016274 seconds .

========================================================================
Received Import Request.
  Time since last request: 0.000151 seconds.
  path: Assets/4.jpg
  artifactKey: Guid(66b40d484ec967b4db5c33ffae7597d8) Importer(815301076,1909f56bfc062723c751e8b465ee728b)
Start importing Assets/4.jpg using Guid(66b40d484ec967b4db5c33ffae7597d8) Importer(815301076,1909f56bfc062723c751e8b465ee728b)  -> (artifact id: '8f8388a9fe1c4d572d9735a0eccabeec') in 0.019131 seconds
  Import took 0.020695 seconds .

========================================================================
Received Import Request.
  Time since last request: 0.000158 seconds.
  path: Assets/car1.PNG
  artifactKey: Guid(0d92da8d102b82340954cd73a64c733e) Importer(815301076,1909f56bfc062723c751e8b465ee728b)
Start importing Assets/car1.PNG using Guid(0d92da8d102b82340954cd73a64c733e) Importer(815301076,1909f56bfc062723c751e8b465ee728b)  -> (artifact id: 'eb14f6f03265a0e5f245fd3aefea57ca') in 0.013848 seconds
  Import took 0.015642 seconds .

========================================================================
Received Import Request.
  Time since last request: 0.000171 seconds.
  path: Assets/2.jpg
  artifactKey: Guid(c338033754ce6b04fb3f87f08c9265f2) Importer(815301076,1909f56bfc062723c751e8b465ee728b)
Start importing Assets/2.jpg using Guid(c338033754ce6b04fb3f87f08c9265f2) Importer(815301076,1909f56bfc062723c751e8b465ee728b)  -> (artifact id: '472536944e64a4655013c4cf47e1447f') in 0.013453 seconds
  Import took 0.015292 seconds .

========================================================================
Received Import Request.
  Time since last request: 0.000201 seconds.
  path: Assets/132.jpg
  artifactKey: Guid(49b56918a3ce6ed4988da41e38735a12) Importer(815301076,1909f56bfc062723c751e8b465ee728b)
Start importing Assets/132.jpg using Guid(49b56918a3ce6ed4988da41e38735a12) Importer(815301076,1909f56bfc062723c751e8b465ee728b)  -> (artifact id: '974cbdd27f45681e1ea4444cd39c56a3') in 0.014289 seconds
  Import took 0.016145 seconds .

========================================================================
Received Import Request.
  Time since last request: 0.000150 seconds.
  path: Assets/2.jpg
  artifactKey: Guid(c338033754ce6b04fb3f87f08c9265f2) Importer(815301076,1909f56bfc062723c751e8b465ee728b)
Start importing Assets/2.jpg using Guid(c338033754ce6b04fb3f87f08c9265f2) Importer(815301076,1909f56bfc062723c751e8b465ee728b)  -> (artifact id: '472536944e64a4655013c4cf47e1447f') in 0.019761 seconds
  Import took 0.021275 seconds .

========================================================================
Received Import Request.
  Time since last request: 9.178912 seconds.
  path: Assets/1.jpg
  artifactKey: Guid(1e0888e7c8902c540ac7bc02532466ad) Importer(815301076,1909f56bfc062723c751e8b465ee728b)
Start importing Assets/1.jpg using Guid(1e0888e7c8902c540ac7bc02532466ad) Importer(815301076,1909f56bfc062723c751e8b465ee728b)  -> (artifact id: 'e3a0f07a847c7226b4ab8b3f5c59f7c7') in 0.087374 seconds
  Import took 0.089307 seconds .

========================================================================
Received Import Request.
  Time since last request: 8.722126 seconds.
  path: Assets/3.jpg
  artifactKey: Guid(a7991f79f6008dd4398f76750f287e00) Importer(815301076,1909f56bfc062723c751e8b465ee728b)
Start importing Assets/3.jpg using Guid(a7991f79f6008dd4398f76750f287e00) Importer(815301076,1909f56bfc062723c751e8b465ee728b)  -> (artifact id: '775ca2ac7999756b1d3bf5e8387326c8') in 0.046778 seconds
  Import took 0.048652 seconds .

========================================================================
Received Import Request.
  Time since last request: 0.000185 seconds.
  path: Assets/4.jpg
  artifactKey: Guid(66b40d484ec967b4db5c33ffae7597d8) Importer(815301076,1909f56bfc062723c751e8b465ee728b)
Start importing Assets/4.jpg using Guid(66b40d484ec967b4db5c33ffae7597d8) Importer(815301076,1909f56bfc062723c751e8b465ee728b)  -> (artifact id: '7af7928772accb0435c5e9c0620fd5bd') in 0.016771 seconds
  Import took 0.018426 seconds .

========================================================================
Received Import Request.
  Time since last request: 0.000222 seconds.
  path: Assets/car1.PNG
  artifactKey: Guid(0d92da8d102b82340954cd73a64c733e) Importer(815301076,1909f56bfc062723c751e8b465ee728b)
Start importing Assets/car1.PNG using Guid(0d92da8d102b82340954cd73a64c733e) Importer(815301076,1909f56bfc062723c751e8b465ee728b)  -> (artifact id: '67cef4cff85c77d0c7dd245188204692') in 0.012344 seconds
  Import took 0.014153 seconds .

========================================================================
Received Import Request.
  Time since last request: 0.000160 seconds.
  path: Assets/2.jpg
  artifactKey: Guid(c338033754ce6b04fb3f87f08c9265f2) Importer(815301076,1909f56bfc062723c751e8b465ee728b)
Start importing Assets/2.jpg using Guid(c338033754ce6b04fb3f87f08c9265f2) Importer(815301076,1909f56bfc062723c751e8b465ee728b)  -> (artifact id: '639f3e6c11e98f736db7326dd7597861') in 0.018597 seconds
  Import took 0.020209 seconds .

========================================================================
Received Import Request.
  Time since last request: 0.000162 seconds.
  path: Assets/132.jpg
  artifactKey: Guid(49b56918a3ce6ed4988da41e38735a12) Importer(815301076,1909f56bfc062723c751e8b465ee728b)
Start importing Assets/132.jpg using Guid(49b56918a3ce6ed4988da41e38735a12) Importer(815301076,1909f56bfc062723c751e8b465ee728b)  -> (artifact id: 'dae4689ecaf5917d0c57ab19d7b095ab') in 0.022520 seconds
  Import took 0.024614 seconds .

========================================================================
Received Import Request.
  Time since last request: 0.000190 seconds.
  path: Assets/2.jpg
  artifactKey: Guid(c338033754ce6b04fb3f87f08c9265f2) Importer(815301076,1909f56bfc062723c751e8b465ee728b)
Start importing Assets/2.jpg using Guid(c338033754ce6b04fb3f87f08c9265f2) Importer(815301076,1909f56bfc062723c751e8b465ee728b)  -> (artifact id: '639f3e6c11e98f736db7326dd7597861') in 0.018307 seconds
  Import took 0.020344 seconds .

========================================================================
Received Import Request.
  Time since last request: 0.000144 seconds.
  path: Assets/132.jpg
  artifactKey: Guid(49b56918a3ce6ed4988da41e38735a12) Importer(815301076,1909f56bfc062723c751e8b465ee728b)
Start importing Assets/132.jpg using Guid(49b56918a3ce6ed4988da41e38735a12) Importer(815301076,1909f56bfc062723c751e8b465ee728b)  -> (artifact id: 'dae4689ecaf5917d0c57ab19d7b095ab') in 0.020826 seconds
  Import took 0.022645 seconds .

========================================================================
Received Prepare
Registering precompiled user dll's ...
Registered in 0.000540 seconds.
Begin MonoManager ReloadAssembly
Native extension for WindowsStandalone target not found
Refreshing native plugins compatible for Editor in 0.21 ms, found 0 plugins.
Preloading 0 native plugins for Editor in 0.00 ms.
Invoked RoslynAnalysisRunner static constructor.
RoslynAnalysisRunner will not be running.
RoslynAnalysisRunner has terminated.
Mono: successfully reloaded assembly
- Completed reload, in  0.632 seconds
Platform modules already initialized, skipping
Refreshing native plugins compatible for Editor in 0.23 ms, found 0 plugins.
Preloading 0 native plugins for Editor in 0.00 ms.
Unloading 1108 Unused Serialized files (Serialized files now loaded: 0)
System memory in use before: 60.0 MB.
System memory in use after: 60.0 MB.

Unloading 5 unused Assets to reduce memory usage. Loaded Objects now: 1568.
Total: 1.610300 ms (FindLiveObjects: 0.218800 ms CreateObjectMapping: 0.037200 ms MarkObjects: 1.313900 ms  DeleteObjects: 0.039100 ms)

========================================================================
Received Prepare
Registering precompiled user dll's ...
Registered in 0.000532 seconds.
Begin MonoManager ReloadAssembly
Native extension for WindowsStandalone target not found
Refreshing native plugins compatible for Editor in 0.34 ms, found 0 plugins.
Preloading 0 native plugins for Editor in 0.00 ms.
Invoked RoslynAnalysisRunner static constructor.
RoslynAnalysisRunner will not be running.
RoslynAnalysisRunner has terminated.
Mono: successfully reloaded assembly
- Completed reload, in  0.674 seconds
Platform modules already initialized, skipping
Refreshing native plugins compatible for Editor in 0.20 ms, found 0 plugins.
Preloading 0 native plugins for Editor in 0.00 ms.
Unloading 1109 Unused Serialized files (Serialized files now loaded: 0)
System memory in use before: 60.0 MB.
System memory in use after: 60.1 MB.

Unloading 5 unused Assets to reduce memory usage. Loaded Objects now: 1572.
Total: 1.424000 ms (FindLiveObjects: 0.159400 ms CreateObjectMapping: 0.050800 ms MarkObjects: 1.168900 ms  DeleteObjects: 0.043700 ms)

========================================================================
Received Prepare
Registering precompiled user dll's ...
Registered in 0.000489 seconds.
Begin MonoManager ReloadAssembly
Native extension for WindowsStandalone target not found
Refreshing native plugins compatible for Editor in 0.27 ms, found 0 plugins.
Preloading 0 native plugins for Editor in 0.00 ms.
Invoked RoslynAnalysisRunner static constructor.
RoslynAnalysisRunner will not be running.
RoslynAnalysisRunner has terminated.
Mono: successfully reloaded assembly
- Completed reload, in  0.668 seconds
Platform modules already initialized, skipping
Refreshing native plugins compatible for Editor in 0.26 ms, found 0 plugins.
Preloading 0 native plugins for Editor in 0.00 ms.
Unloading 1109 Unused Serialized files (Serialized files now loaded: 0)
System memory in use before: 60.0 MB.
System memory in use after: 60.1 MB.

Unloading 5 unused Assets to reduce memory usage. Loaded Objects now: 1575.
Total: 1.824200 ms (FindLiveObjects: 0.347100 ms CreateObjectMapping: 0.050900 ms MarkObjects: 1.368900 ms  DeleteObjects: 0.055600 ms)

========================================================================
Received Import Request.
  Time since last request: 502.308627 seconds.
  path: Assets/UAV_MovementController.cs
  artifactKey: Guid(a68409baa3ec4ae4cbe74e80a9908203) Importer(815301076,1909f56bfc062723c751e8b465ee728b)
Start importing Assets/UAV_MovementController.cs using Guid(a68409baa3ec4ae4cbe74e80a9908203) Importer(815301076,1909f56bfc062723c751e8b465ee728b)  -> (artifact id: 'd6d26478042ff78767dd1538f79bf477') in 0.017948 seconds
  Import took 0.019959 seconds .

========================================================================
Received Import Request.
  Time since last request: 892.013035 seconds.
  path: Assets/UAV_MovementController.cs
  artifactKey: Guid(a68409baa3ec4ae4cbe74e80a9908203) Importer(815301076,1909f56bfc062723c751e8b465ee728b)
Start importing Assets/UAV_MovementController.cs using Guid(a68409baa3ec4ae4cbe74e80a9908203) Importer(815301076,1909f56bfc062723c751e8b465ee728b)  -> (artifact id: '77dc2cb8a3622e76d0bf2adbbee8cf47') in 0.003348 seconds
  Import took 0.006144 seconds .

========================================================================
Received Import Request.
  Time since last request: 21.426041 seconds.
  path: Assets/UAV_MovementController.cs
  artifactKey: Guid(a68409baa3ec4ae4cbe74e80a9908203) Importer(815301076,1909f56bfc062723c751e8b465ee728b)
Start importing Assets/UAV_MovementController.cs using Guid(a68409baa3ec4ae4cbe74e80a9908203) Importer(815301076,1909f56bfc062723c751e8b465ee728b)  -> (artifact id: '51f23503608528a8ea89b72de545e18d') in 0.002431 seconds
  Import took 0.004313 seconds .

========================================================================
Received Import Request.
  Time since last request: 165.056903 seconds.
  path: Assets/UAV_MovementController.cs
  artifactKey: Guid(a68409baa3ec4ae4cbe74e80a9908203) Importer(815301076,1909f56bfc062723c751e8b465ee728b)
Start importing Assets/UAV_MovementController.cs using Guid(a68409baa3ec4ae4cbe74e80a9908203) Importer(815301076,1909f56bfc062723c751e8b465ee728b)  -> (artifact id: 'eff3f09c840c6e57b938130b3bda79f0') in 0.001839 seconds
  Import took 0.003494 seconds .

========================================================================
Received Prepare
Registering precompiled user dll's ...
Registered in 0.000525 seconds.
Begin MonoManager ReloadAssembly
Native extension for WindowsStandalone target not found
Refreshing native plugins compatible for Editor in 0.21 ms, found 0 plugins.
Preloading 0 native plugins for Editor in 0.00 ms.
Invoked RoslynAnalysisRunner static constructor.
RoslynAnalysisRunner will not be running.
RoslynAnalysisRunner has terminated.
Mono: successfully reloaded assembly
- Completed reload, in  0.639 seconds
Platform modules already initialized, skipping
Refreshing native plugins compatible for Editor in 0.20 ms, found 0 plugins.
Preloading 0 native plugins for Editor in 0.00 ms.
Unloading 1109 Unused Serialized files (Serialized files now loaded: 0)
System memory in use before: 60.0 MB.
System memory in use after: 60.1 MB.

Unloading 5 unused Assets to reduce memory usage. Loaded Objects now: 1578.
Total: 1.445500 ms (FindLiveObjects: 0.160300 ms CreateObjectMapping: 0.027100 ms MarkObjects: 1.212100 ms  DeleteObjects: 0.045000 ms)

========================================================================
Received Import Request.
  Time since last request: 5940.154848 seconds.
  path: Assets/UAV_MovementController.cs
  artifactKey: Guid(a68409baa3ec4ae4cbe74e80a9908203) Importer(815301076,1909f56bfc062723c751e8b465ee728b)
Start importing Assets/UAV_MovementController.cs using Guid(a68409baa3ec4ae4cbe74e80a9908203) Importer(815301076,1909f56bfc062723c751e8b465ee728b)  -> (artifact id: '423e72d28feacec09cdf92f553b2ea7b') in 0.004339 seconds
  Import took 0.006109 seconds .

========================================================================
Received Prepare
Registering precompiled user dll's ...
Registered in 0.000777 seconds.
Begin MonoManager ReloadAssembly
Native extension for WindowsStandalone target not found
Refreshing native plugins compatible for Editor in 0.21 ms, found 0 plugins.
Preloading 0 native plugins for Editor in 0.00 ms.
Invoked RoslynAnalysisRunner static constructor.
RoslynAnalysisRunner will not be running.
RoslynAnalysisRunner has terminated.
Mono: successfully reloaded assembly
- Completed reload, in  0.596 seconds
Platform modules already initialized, skipping
Refreshing native plugins compatible for Editor in 0.23 ms, found 0 plugins.
Preloading 0 native plugins for Editor in 0.00 ms.
Unloading 1109 Unused Serialized files (Serialized files now loaded: 0)
System memory in use before: 60.0 MB.
System memory in use after: 60.1 MB.

Unloading 5 unused Assets to reduce memory usage. Loaded Objects now: 1581.
Total: 1.596000 ms (FindLiveObjects: 0.291200 ms CreateObjectMapping: 0.041200 ms MarkObjects: 1.214700 ms  DeleteObjects: 0.046800 ms)

========================================================================
Received Prepare
Registering precompiled user dll's ...
Registered in 0.000614 seconds.
Begin MonoManager ReloadAssembly
Native extension for WindowsStandalone target not found
Refreshing native plugins compatible for Editor in 0.20 ms, found 0 plugins.
Preloading 0 native plugins for Editor in 0.00 ms.
Invoked RoslynAnalysisRunner static constructor.
RoslynAnalysisRunner will not be running.
RoslynAnalysisRunner has terminated.
Mono: successfully reloaded assembly
- Completed reload, in  0.630 seconds
Platform modules already initialized, skipping
Refreshing native plugins compatible for Editor in 0.17 ms, found 0 plugins.
Preloading 0 native plugins for Editor in 0.00 ms.
Unloading 1109 Unused Serialized files (Serialized files now loaded: 0)
System memory in use before: 60.0 MB.
System memory in use after: 60.1 MB.

Unloading 5 unused Assets to reduce memory usage. Loaded Objects now: 1584.
Total: 1.503200 ms (FindLiveObjects: 0.153300 ms CreateObjectMapping: 0.025800 ms MarkObjects: 1.278500 ms  DeleteObjects: 0.044900 ms)

========================================================================
Received Prepare
Registering precompiled user dll's ...
Registered in 0.000483 seconds.
Begin MonoManager ReloadAssembly
Native extension for WindowsStandalone target not found
Refreshing native plugins compatible for Editor in 0.20 ms, found 0 plugins.
Preloading 0 native plugins for Editor in 0.00 ms.
Invoked RoslynAnalysisRunner static constructor.
RoslynAnalysisRunner will not be running.
RoslynAnalysisRunner has terminated.
Mono: successfully reloaded assembly
- Completed reload, in  0.629 seconds
Platform modules already initialized, skipping
Refreshing native plugins compatible for Editor in 0.21 ms, found 0 plugins.
Preloading 0 native plugins for Editor in 0.00 ms.
Unloading 1109 Unused Serialized files (Serialized files now loaded: 0)
System memory in use before: 60.0 MB.
System memory in use after: 60.1 MB.

Unloading 5 unused Assets to reduce memory usage. Loaded Objects now: 1587.
Total: 1.456600 ms (FindLiveObjects: 0.174900 ms CreateObjectMapping: 0.027400 ms MarkObjects: 1.207200 ms  DeleteObjects: 0.046300 ms)

========================================================================
Received Prepare
Registering precompiled user dll's ...
Registered in 0.000532 seconds.
Begin MonoManager ReloadAssembly
Native extension for WindowsStandalone target not found
Refreshing native plugins compatible for Editor in 0.22 ms, found 0 plugins.
Preloading 0 native plugins for Editor in 0.00 ms.
Invoked RoslynAnalysisRunner static constructor.
RoslynAnalysisRunner will not be running.
RoslynAnalysisRunner has terminated.
Mono: successfully reloaded assembly
- Completed reload, in  0.630 seconds
Platform modules already initialized, skipping
Refreshing native plugins compatible for Editor in 0.22 ms, found 0 plugins.
Preloading 0 native plugins for Editor in 0.00 ms.
Unloading 1109 Unused Serialized files (Serialized files now loaded: 0)
System memory in use before: 60.1 MB.
System memory in use after: 60.1 MB.

Unloading 5 unused Assets to reduce memory usage. Loaded Objects now: 1590.
Total: 1.502200 ms (FindLiveObjects: 0.157000 ms CreateObjectMapping: 0.026100 ms MarkObjects: 1.269100 ms  DeleteObjects: 0.048500 ms)

========================================================================
Received Prepare
Registering precompiled user dll's ...
Registered in 0.000612 seconds.
Begin MonoManager ReloadAssembly
Native extension for WindowsStandalone target not found
Refreshing native plugins compatible for Editor in 0.21 ms, found 0 plugins.
Preloading 0 native plugins for Editor in 0.00 ms.
Invoked RoslynAnalysisRunner static constructor.
RoslynAnalysisRunner will not be running.
RoslynAnalysisRunner has terminated.
Mono: successfully reloaded assembly
- Completed reload, in  0.620 seconds
Platform modules already initialized, skipping
Refreshing native plugins compatible for Editor in 0.22 ms, found 0 plugins.
Preloading 0 native plugins for Editor in 0.00 ms.
Unloading 1109 Unused Serialized files (Serialized files now loaded: 0)
System memory in use before: 60.1 MB.
System memory in use after: 60.1 MB.

Unloading 5 unused Assets to reduce memory usage. Loaded Objects now: 1593.
Total: 1.437500 ms (FindLiveObjects: 0.199900 ms CreateObjectMapping: 0.027600 ms MarkObjects: 1.164300 ms  DeleteObjects: 0.044500 ms)

========================================================================
Received Prepare
Registering precompiled user dll's ...
Registered in 0.000559 seconds.
Begin MonoManager ReloadAssembly
Native extension for WindowsStandalone target not found
Refreshing native plugins compatible for Editor in 0.32 ms, found 0 plugins.
Preloading 0 native plugins for Editor in 0.00 ms.
Invoked RoslynAnalysisRunner static constructor.
RoslynAnalysisRunner will not be running.
RoslynAnalysisRunner has terminated.
Mono: successfully reloaded assembly
- Completed reload, in  0.619 seconds
Platform modules already initialized, skipping
Refreshing native plugins compatible for Editor in 0.22 ms, found 0 plugins.
Preloading 0 native plugins for Editor in 0.00 ms.
Unloading 1109 Unused Serialized files (Serialized files now loaded: 0)
System memory in use before: 60.1 MB.
System memory in use after: 60.1 MB.

Unloading 5 unused Assets to reduce memory usage. Loaded Objects now: 1596.
Total: 1.903600 ms (FindLiveObjects: 0.246700 ms CreateObjectMapping: 0.040100 ms MarkObjects: 1.560200 ms  DeleteObjects: 0.054300 ms)

========================================================================
Received Prepare
Registering precompiled user dll's ...
Registered in 0.000508 seconds.
Begin MonoManager ReloadAssembly
Native extension for WindowsStandalone target not found
Refreshing native plugins compatible for Editor in 0.21 ms, found 0 plugins.
Preloading 0 native plugins for Editor in 0.00 ms.
Invoked RoslynAnalysisRunner static constructor.
RoslynAnalysisRunner will not be running.
RoslynAnalysisRunner has terminated.
Mono: successfully reloaded assembly
- Completed reload, in  0.610 seconds
Platform modules already initialized, skipping
Refreshing native plugins compatible for Editor in 0.19 ms, found 0 plugins.
Preloading 0 native plugins for Editor in 0.00 ms.
Unloading 1109 Unused Serialized files (Serialized files now loaded: 0)
System memory in use before: 60.1 MB.
System memory in use after: 60.1 MB.

Unloading 5 unused Assets to reduce memory usage. Loaded Objects now: 1599.
Total: 1.567500 ms (FindLiveObjects: 0.208300 ms CreateObjectMapping: 0.034700 ms MarkObjects: 1.277600 ms  DeleteObjects: 0.046200 ms)

========================================================================
Received Prepare
Registering precompiled user dll's ...
Registered in 0.000519 seconds.
Begin MonoManager ReloadAssembly
Native extension for WindowsStandalone target not found
Refreshing native plugins compatible for Editor in 0.21 ms, found 0 plugins.
Preloading 0 native plugins for Editor in 0.00 ms.
Invoked RoslynAnalysisRunner static constructor.
RoslynAnalysisRunner will not be running.
RoslynAnalysisRunner has terminated.
Mono: successfully reloaded assembly
- Completed reload, in  0.626 seconds
Platform modules already initialized, skipping
Refreshing native plugins compatible for Editor in 0.19 ms, found 0 plugins.
Preloading 0 native plugins for Editor in 0.00 ms.
Unloading 1109 Unused Serialized files (Serialized files now loaded: 0)
System memory in use before: 60.1 MB.
System memory in use after: 60.1 MB.

Unloading 5 unused Assets to reduce memory usage. Loaded Objects now: 1602.
Total: 1.344700 ms (FindLiveObjects: 0.122200 ms CreateObjectMapping: 0.026500 ms MarkObjects: 1.155600 ms  DeleteObjects: 0.039700 ms)

========================================================================
Received Prepare
Registering precompiled user dll's ...
Registered in 0.000489 seconds.
Begin MonoManager ReloadAssembly
Native extension for WindowsStandalone target not found
Refreshing native plugins compatible for Editor in 0.21 ms, found 0 plugins.
Preloading 0 native plugins for Editor in 0.00 ms.
Invoked RoslynAnalysisRunner static constructor.
RoslynAnalysisRunner will not be running.
RoslynAnalysisRunner has terminated.
Mono: successfully reloaded assembly
- Completed reload, in  0.612 seconds
Platform modules already initialized, skipping
Refreshing native plugins compatible for Editor in 0.21 ms, found 0 plugins.
Preloading 0 native plugins for Editor in 0.00 ms.
Unloading 1109 Unused Serialized files (Serialized files now loaded: 0)
System memory in use before: 60.1 MB.
System memory in use after: 60.2 MB.

Unloading 5 unused Assets to reduce memory usage. Loaded Objects now: 1605.
Total: 1.607900 ms (FindLiveObjects: 0.191500 ms CreateObjectMapping: 0.059900 ms MarkObjects: 1.304800 ms  DeleteObjects: 0.051000 ms)

========================================================================
Received Prepare
Registering precompiled user dll's ...
Registered in 0.000444 seconds.
Begin MonoManager ReloadAssembly
Native extension for WindowsStandalone target not found
Refreshing native plugins compatible for Editor in 0.21 ms, found 0 plugins.
Preloading 0 native plugins for Editor in 0.00 ms.
Invoked RoslynAnalysisRunner static constructor.
RoslynAnalysisRunner will not be running.
RoslynAnalysisRunner has terminated.
Mono: successfully reloaded assembly
- Completed reload, in  0.603 seconds
Platform modules already initialized, skipping
Refreshing native plugins compatible for Editor in 0.20 ms, found 0 plugins.
Preloading 0 native plugins for Editor in 0.00 ms.
Unloading 1109 Unused Serialized files (Serialized files now loaded: 0)
System memory in use before: 60.1 MB.
System memory in use after: 60.2 MB.

Unloading 5 unused Assets to reduce memory usage. Loaded Objects now: 1608.
Total: 1.490400 ms (FindLiveObjects: 0.141100 ms CreateObjectMapping: 0.025800 ms MarkObjects: 1.271800 ms  DeleteObjects: 0.050700 ms)

========================================================================
Received Prepare
Registering precompiled user dll's ...
Registered in 0.000543 seconds.
Begin MonoManager ReloadAssembly
Native extension for WindowsStandalone target not found
Refreshing native plugins compatible for Editor in 0.22 ms, found 0 plugins.
Preloading 0 native plugins for Editor in 0.00 ms.
Invoked RoslynAnalysisRunner static constructor.
RoslynAnalysisRunner will not be running.
RoslynAnalysisRunner has terminated.
Mono: successfully reloaded assembly
- Completed reload, in  0.610 seconds
Platform modules already initialized, skipping
Refreshing native plugins compatible for Editor in 0.21 ms, found 0 plugins.
Preloading 0 native plugins for Editor in 0.00 ms.
Unloading 1109 Unused Serialized files (Serialized files now loaded: 0)
System memory in use before: 60.1 MB.
System memory in use after: 60.2 MB.

Unloading 5 unused Assets to reduce memory usage. Loaded Objects now: 1611.
Total: 1.444700 ms (FindLiveObjects: 0.188700 ms CreateObjectMapping: 0.027000 ms MarkObjects: 1.184600 ms  DeleteObjects: 0.043400 ms)

========================================================================
Received Prepare
Registering precompiled user dll's ...
Registered in 0.000566 seconds.
Begin MonoManager ReloadAssembly
Native extension for WindowsStandalone target not found
Refreshing native plugins compatible for Editor in 0.22 ms, found 0 plugins.
Preloading 0 native plugins for Editor in 0.00 ms.
Invoked RoslynAnalysisRunner static constructor.
RoslynAnalysisRunner will not be running.
RoslynAnalysisRunner has terminated.
Mono: successfully reloaded assembly
- Completed reload, in  0.620 seconds
Platform modules already initialized, skipping
Refreshing native plugins compatible for Editor in 0.19 ms, found 0 plugins.
Preloading 0 native plugins for Editor in 0.00 ms.
Unloading 1109 Unused Serialized files (Serialized files now loaded: 0)
System memory in use before: 60.1 MB.
System memory in use after: 60.2 MB.

Unloading 5 unused Assets to reduce memory usage. Loaded Objects now: 1614.
Total: 1.392900 ms (FindLiveObjects: 0.132100 ms CreateObjectMapping: 0.026300 ms MarkObjects: 1.190400 ms  DeleteObjects: 0.042800 ms)

========================================================================
Received Prepare
Registering precompiled user dll's ...
Registered in 0.000517 seconds.
Begin MonoManager ReloadAssembly
Native extension for WindowsStandalone target not found
Refreshing native plugins compatible for Editor in 0.21 ms, found 0 plugins.
Preloading 0 native plugins for Editor in 0.00 ms.
Invoked RoslynAnalysisRunner static constructor.
RoslynAnalysisRunner will not be running.
RoslynAnalysisRunner has terminated.
Mono: successfully reloaded assembly
- Completed reload, in  0.604 seconds
Platform modules already initialized, skipping
Refreshing native plugins compatible for Editor in 0.20 ms, found 0 plugins.
Preloading 0 native plugins for Editor in 0.00 ms.
Unloading 1109 Unused Serialized files (Serialized files now loaded: 0)
System memory in use before: 60.1 MB.
System memory in use after: 60.2 MB.

Unloading 5 unused Assets to reduce memory usage. Loaded Objects now: 1617.
Total: 1.500400 ms (FindLiveObjects: 0.169200 ms CreateObjectMapping: 0.026200 ms MarkObjects: 1.257600 ms  DeleteObjects: 0.046000 ms)

========================================================================
Received Prepare
Registering precompiled user dll's ...
Registered in 0.000576 seconds.
Begin MonoManager ReloadAssembly
Native extension for WindowsStandalone target not found
Refreshing native plugins compatible for Editor in 0.21 ms, found 0 plugins.
Preloading 0 native plugins for Editor in 0.00 ms.
Invoked RoslynAnalysisRunner static constructor.
RoslynAnalysisRunner will not be running.
RoslynAnalysisRunner has terminated.
Mono: successfully reloaded assembly
- Completed reload, in  0.654 seconds
Platform modules already initialized, skipping
Refreshing native plugins compatible for Editor in 0.22 ms, found 0 plugins.
Preloading 0 native plugins for Editor in 0.00 ms.
Unloading 1109 Unused Serialized files (Serialized files now loaded: 0)
System memory in use before: 60.1 MB.
System memory in use after: 60.2 MB.

Unloading 5 unused Assets to reduce memory usage. Loaded Objects now: 1620.
Total: 1.437000 ms (FindLiveObjects: 0.156100 ms CreateObjectMapping: 0.025800 ms MarkObjects: 1.209400 ms  DeleteObjects: 0.044500 ms)

========================================================================
Received Prepare
Registering precompiled user dll's ...
Registered in 0.000567 seconds.
Begin MonoManager ReloadAssembly
Native extension for WindowsStandalone target not found
Refreshing native plugins compatible for Editor in 0.21 ms, found 0 plugins.
Preloading 0 native plugins for Editor in 0.00 ms.
Invoked RoslynAnalysisRunner static constructor.
RoslynAnalysisRunner will not be running.
RoslynAnalysisRunner has terminated.
Mono: successfully reloaded assembly
- Completed reload, in  0.616 seconds
Platform modules already initialized, skipping
Refreshing native plugins compatible for Editor in 0.18 ms, found 0 plugins.
Preloading 0 native plugins for Editor in 0.00 ms.
Unloading 1109 Unused Serialized files (Serialized files now loaded: 0)
System memory in use before: 60.1 MB.
System memory in use after: 60.2 MB.

Unloading 5 unused Assets to reduce memory usage. Loaded Objects now: 1623.
Total: 1.584400 ms (FindLiveObjects: 0.233100 ms CreateObjectMapping: 0.034700 ms MarkObjects: 1.268000 ms  DeleteObjects: 0.047600 ms)

========================================================================
Received Prepare
Registering precompiled user dll's ...
Registered in 0.000516 seconds.
Begin MonoManager ReloadAssembly
Native extension for WindowsStandalone target not found
Refreshing native plugins compatible for Editor in 0.20 ms, found 0 plugins.
Preloading 0 native plugins for Editor in 0.00 ms.
Invoked RoslynAnalysisRunner static constructor.
RoslynAnalysisRunner will not be running.
RoslynAnalysisRunner has terminated.
Mono: successfully reloaded assembly
- Completed reload, in  0.610 seconds
Platform modules already initialized, skipping
Refreshing native plugins compatible for Editor in 0.20 ms, found 0 plugins.
Preloading 0 native plugins for Editor in 0.00 ms.
Unloading 1109 Unused Serialized files (Serialized files now loaded: 0)
System memory in use before: 60.1 MB.
System memory in use after: 60.2 MB.

Unloading 5 unused Assets to reduce memory usage. Loaded Objects now: 1626.
Total: 1.629900 ms (FindLiveObjects: 0.274400 ms CreateObjectMapping: 0.042400 ms MarkObjects: 1.263000 ms  DeleteObjects: 0.048700 ms)

========================================================================
Received Prepare
Registering precompiled user dll's ...
Registered in 0.000642 seconds.
Begin MonoManager ReloadAssembly
Native extension for WindowsStandalone target not found
Refreshing native plugins compatible for Editor in 0.22 ms, found 0 plugins.
Preloading 0 native plugins for Editor in 0.00 ms.
Invoked RoslynAnalysisRunner static constructor.
RoslynAnalysisRunner will not be running.
RoslynAnalysisRunner has terminated.
Mono: successfully reloaded assembly
- Completed reload, in  0.669 seconds
Platform modules already initialized, skipping
Refreshing native plugins compatible for Editor in 0.20 ms, found 0 plugins.
Preloading 0 native plugins for Editor in 0.00 ms.
Unloading 1109 Unused Serialized files (Serialized files now loaded: 0)
System memory in use before: 60.1 MB.
System memory in use after: 60.2 MB.

Unloading 5 unused Assets to reduce memory usage. Loaded Objects now: 1629.
Total: 1.465300 ms (FindLiveObjects: 0.157300 ms CreateObjectMapping: 0.026100 ms MarkObjects: 1.235400 ms  DeleteObjects: 0.045700 ms)

AssetImportWorkerClient::OnTransportError - code=2 error=End of file
